2018-11-07T01:43:06.412Z - normal: Load ~/.CocosCreator/settings.json
2018-11-07T01:43:06.419Z - normal: checking language setting...
2018-11-07T01:43:06.420Z - normal: Language: zh
2018-11-07T01:43:07.507Z - success: protocol editor-framework registered
2018-11-07T01:43:07.507Z - success: protocol app registered
2018-11-07T01:43:07.508Z - success: protocol theme registered
2018-11-07T01:43:07.508Z - success: protocol packages registered
2018-11-07T01:43:07.509Z - success: protocol unpack registerred
2018-11-07T01:43:07.510Z - success: protocol disable-commonjs registerred
2018-11-07T01:43:07.793Z - normal: connected!
2018-11-07T01:43:07.796Z - normal: Check project /Users/lijinyou/myWork/Games/Card_game
2018-11-07T01:43:07.800Z - normal: Initializing Cocos2d
2018-11-07T01:43:08.114Z - normal: Initializing Asset Database
2018-11-07T01:43:08.159Z - success: protocol uuid registerred
2018-11-07T01:43:08.159Z - success: protocol db registerred
2018-11-07T01:43:08.159Z - success: protocol thumbnail registerred
2018-11-07T01:43:08.160Z - normal: Loading editor/builtin packages
2018-11-07T01:43:08.192Z - success: anysdk loaded
2018-11-07T01:43:08.363Z - success: assets loaded
2018-11-07T01:43:08.368Z - success: builder loaded
2018-11-07T01:43:08.372Z - success: cocos-analytics loaded
2018-11-07T01:43:08.381Z - success: console loaded
2018-11-07T01:43:08.429Z - success: fb-instant-games loaded
2018-11-07T01:43:08.436Z - success: hierarchy loaded
2018-11-07T01:43:08.444Z - success: inspector loaded
2018-11-07T01:43:08.447Z - success: keystore loaded
2018-11-07T01:43:08.459Z - success: node-library loaded
2018-11-07T01:43:08.462Z - success: package-asset loaded
2018-11-07T01:43:08.467Z - success: preferences loaded
2018-11-07T01:43:08.479Z - success: project-exporter loaded
2018-11-07T01:43:08.519Z - success: project-importer loaded
2018-11-07T01:43:08.525Z - success: project-settings loaded
2018-11-07T01:43:08.533Z - success: ui-kit loaded
2018-11-07T01:43:08.542Z - success: ui-grid loaded
2018-11-07T01:43:08.548Z - success: scene loaded
2018-11-07T01:43:08.550Z - success: sprite-editor loaded
2018-11-07T01:43:08.558Z - success: store loaded
2018-11-07T01:43:08.567Z - success: timeline loaded
2018-11-07T01:43:08.567Z - normal: Loading builtin packages
2018-11-07T01:43:08.574Z - success: asset-db-debugger loaded
2018-11-07T01:43:08.575Z - success: color-picker loaded
2018-11-07T01:43:08.579Z - success: package-manager loaded
2018-11-07T01:43:08.581Z - success: qqplay-adapter loaded
2018-11-07T01:43:08.590Z - success: sdkbox loaded
2018-11-07T01:43:08.598Z - success: tester loaded
2018-11-07T01:43:08.603Z - success: ui-kit-preview-extra loaded
2018-11-07T01:43:08.608Z - success: ui-kit-preview loaded
2018-11-07T01:43:08.613Z - success: ui-tree loaded
2018-11-07T01:43:08.614Z - success: weapp-adapter loaded
2018-11-07T01:43:10.128Z - normal: Initializing project /Users/lijinyou/myWork/Games/Card_game
2018-11-07T01:43:10.132Z - normal: Loading packages
2018-11-07T01:43:10.141Z - normal: Watching packages
2018-11-07T01:43:10.352Z - normal: Run Application
2018-11-07T01:43:10.962Z - success: preview server running at http://localhost:7456
2018-11-07T01:43:18.273Z - normal: 1.9.3
2018-11-07T01:48:07.988Z - warn: [db-task][sync-changes] Backup unused meta file: db://assets/Scenes.meta
2018-11-07T02:05:59.973Z - warn: [SpriteAtlas import] Some of the frame keys have been reformatted : ["CommDialog/btn_close_n.png","CommDialog/btn_comm1_n.png","CommDialog/btn_comm2_n.png","CommDialog/frame_bg.png","CommDialog/frame_sub.png","GameCard/BG_FAILED.png","GameCard/BG_FAILED_2.png","GameCard/BG_GRAY.png","GameCard/SELECTED.png","GameCard/card_back.png","GameCard/card_bg.png","GameCard/card_black_01.png","GameCard/card_black_02.png","GameCard/card_black_03.png","GameCard/card_black_04.png","GameCard/card_black_05.png","GameCard/card_black_06.png","GameCard/card_black_07.png","GameCard/card_black_08.png","GameCard/card_black_09.png","GameCard/card_black_0A.png","GameCard/card_black_0B.png","GameCard/card_black_0C.png","GameCard/card_black_0D.png","GameCard/card_red_01.png","GameCard/card_red_02.png","GameCard/card_red_03.png","GameCard/card_red_04.png","GameCard/card_red_05.png","GameCard/card_red_06.png","GameCard/card_red_07.png","GameCard/card_red_08.png","GameCard/card_red_09.png","GameCard/card_red_0A.png","GameCard/card_red_0B.png","GameCard/card_red_0C.png","GameCard/card_red_0D.png","GameCard/card_small_bg.png","GameCard/card_tag_0.png","GameCard/card_tag_1.png","GameCard/card_tag_2.png","GameCard/card_tag_3.png","GameCard/card_tag_4.png","GameCard/card_tag_5.png","GameCard/card_wangtag_1.png","GameCard/card_wangtag_2.png","GameClock/clock01.png","GameClock/clock02.png","GameClock/clock03.png","GameMenu/item_deposite_d.png","GameMenu/item_deposite_n.png","GameMenu/item_deposite_s.png","GameMenu/item_exit_d.png","GameMenu/item_exit_n.png","GameMenu/item_exit_s.png","GameMenu/item_setting_d.png","GameMenu/item_setting_n.png","GameMenu/item_setting_s.png","GameMenu/menu_bg.png"]
2018-11-07T02:06:00.061Z - warn: [SpriteAtlas import] Some of the frame keys have been reformatted : ["GamePlaza/bt_quickestart_d.png","GamePlaza/bt_quickestart_s.png","GamePlaza/btn_add_n.png","GamePlaza/btn_baccarat_n.png","GamePlaza/btn_baccarat_s.png","GamePlaza/btn_back_n.png","GamePlaza/btn_download_n.png","GamePlaza/btn_download_s.png","GamePlaza/btn_dzshowhand_n.png","GamePlaza/btn_dzshowhand_s.png","GamePlaza/btn_fish_n.png","GamePlaza/btn_fish_s.png","GamePlaza/btn_fly_n.png","GamePlaza/btn_fly_s.png","GamePlaza/btn_land_n.png","GamePlaza/btn_land_s.png","GamePlaza/btn_logon_login_n.png","GamePlaza/btn_logon_login_s.png","GamePlaza/btn_logon_register_n.png","GamePlaza/btn_logon_takepass_n.png","GamePlaza/btn_navigation_0_n.png","GamePlaza/btn_navigation_1_n.png","GamePlaza/btn_navigation_2_n.png","GamePlaza/btn_navigation_3_n.png","GamePlaza/btn_navigation_4_n.png","GamePlaza/btn_navigation_5_n.png","GamePlaza/btn_navigation_6_n.png","GamePlaza/btn_ox_n.png","GamePlaza/btn_ox_s.png","GamePlaza/btn_regon_register.png","GamePlaza/btn_regon_register_s.png","GamePlaza/btn_room_1_n.png","GamePlaza/btn_room_2_n.png","GamePlaza/btn_savepwd_n.png","GamePlaza/btn_savepwd_s.png","GamePlaza/btn_setup_n.png","GamePlaza/btn_sparrower_n.png","GamePlaza/btn_sparrower_s.png","GamePlaza/btn_website_d.png","GamePlaza/btn_website_n.png","GamePlaza/btn_website_s.png","GamePlaza/btn_zajinhua_n.png","GamePlaza/btn_zajinhua_s.png","GamePlaza/dlg_active_text.png","GamePlaza/dlg_btn_alipay_n.png","GamePlaza/dlg_btn_alipay_s.png","GamePlaza/dlg_btn_bank_n.png","GamePlaza/dlg_btn_bank_s.png","GamePlaza/dlg_btn_kfd_n.png","GamePlaza/dlg_btn_kfd_s.png","GamePlaza/dlg_btn_ok_n.png","GamePlaza/dlg_btn_pay_00_n.png","GamePlaza/dlg_btn_pay_1000_n.png","GamePlaza/dlg_btn_pay_100_n.png","GamePlaza/dlg_btn_pay_2000_n.png","GamePlaza/dlg_btn_pay_20_n.png","GamePlaza/dlg_btn_pay_500_n.png","GamePlaza/dlg_btn_pay_50_n.png","GamePlaza/dlg_btn_reset_n.png","GamePlaza/dlg_btn_submit_n.png","GamePlaza/dlg_btn_submit_s.png","GamePlaza/dlg_btn_web_n.png","GamePlaza/dlg_btn_web_s.png","GamePlaza/dlg_btn_wechat_n.png","GamePlaza/dlg_btn_wechat_s.png","GamePlaza/dlg_chong_text.png","GamePlaza/dlg_comingsoon_text.png","GamePlaza/dlg_duihuan_text.png","GamePlaza/dlg_player_text.png","GamePlaza/dlg_roll_bar.png","GamePlaza/dlg_roll_button_n.png","GamePlaza/dlg_roll_progress.png","GamePlaza/dlg_service_text.png","GamePlaza/download_bar_01.png","GamePlaza/download_bar_02.png","GamePlaza/loading_01.png","GamePlaza/loading_02.png","GamePlaza/loading_03.png","GamePlaza/loading_04.png","GamePlaza/loading_05.png","GamePlaza/loading_06.png","GamePlaza/loading_07.png","GamePlaza/loading_08.png","GamePlaza/loading_09.png","GamePlaza/loading_10.png","GamePlaza/match_text_end.png","GamePlaza/match_text_enter.png","GamePlaza/match_text_wait.png","GamePlaza/pic_message_bg.png","GamePlaza/pic_message_spk.png","GamePlaza/plaza_bottom_bar.png","GamePlaza/plaza_logo.png","GamePlaza/plaza_match_bg2.png","GamePlaza/plaza_top logo.png","GamePlaza/room_top_bar.png","GamePlaza/setup_btn_change.png","GamePlaza/setup_btn_close_n.png","GamePlaza/setup_btn_close_s.png","GamePlaza/title_baccarat.png","GamePlaza/title_dzshowhand.png","GamePlaza/title_fish.png","GamePlaza/title_fly.png","GamePlaza/title_land.png","GamePlaza/title_ox.png","GamePlaza/title_sparrower.png","GamePlaza/title_zajinhua.png","GamePlaza/update_roll_bar.png","GamePlaza/update_roll_progress.png","GamePlaza/ys_service_d.png","GamePlaza/ys_service_n.png","GamePlaza/ys_service_s.png"]
2018-11-07T02:14:04.273Z - warn: Error: ipc timeout. message: scene:query-node, session: scene@renderer:24388
2018-11-07T02:24:17.696Z - normal: Simulator: WORKAREA WIDTH 1280.00, HEIGHT 718.00
2018-11-07T02:24:17.738Z - normal: Simulator: FRAME SCALE = 1.00
2018-11-07T02:24:17.853Z - normal: Simulator: GLFWError #65544 Happen, Cocoa: Failed to retrieve display name
2018-11-07T02:24:17.944Z - normal: Simulator: 
2018-11-07T02:24:17.945Z - normal: Simulator: {
2018-11-07T02:24:17.945Z - normal: Simulator: 	gl.supports_OES_map_buffer: false
2018-11-07T02:24:17.945Z - normal: Simulator: 	gl.supports_vertex_array_object: true
2018-11-07T02:24:17.946Z - normal: Simulator: 	cocos2d.x.version: Cocos2d-x-lite v1.8.2
2018-11-07T02:24:17.947Z - normal: Simulator: 	gl.vendor: Intel Inc.
2018-11-07T02:24:17.947Z - normal: Simulator: 	gl.supports_PVRTC: false
2018-11-07T02:24:17.948Z - normal: Simulator: 	gl.renderer: Intel HD Graphics 4000 OpenGL Engine
2018-11-07T02:24:17.948Z - normal: Simulator: 	cocos2d.x.compiled_with_profiler: false
2018-11-07T02:24:17.948Z - normal: Simulator: 	gl.max_texture_size: 16384
2018-11-07T02:24:17.949Z - normal: Simulator: 	gl.supports_ETC1: false
2018-11-07T02:24:17.949Z - normal: Simulator: 	gl.supports_BGRA8888: false
2018-11-07T02:24:17.950Z - normal: Simulator: 	cocos2d.x.build_type: DEBUG
2018-11-07T02:24:17.950Z - normal: Simulator: 	gl.max_texture_units: 16
2018-11-07T02:24:17.951Z - normal: Simulator: 	gl.supports_OES_packed_depth_stencil: false
2018-11-07T02:24:17.952Z - normal: Simulator: 	gl.supports_discard_framebuffer: false
2018-11-07T02:24:17.952Z - normal: Simulator: 	gl.supports_NPOT: true
2018-11-07T02:24:17.954Z - normal: Simulator: 	gl.version: 2.1 INTEL-12.0.34
2018-11-07T02:24:17.955Z - normal: Simulator: 	cocos2d.x.compiled_with_gl_state_cache: true
2018-11-07T02:24:17.955Z - normal: Simulator: 	gl.supports_OES_depth24: false
2018-11-07T02:24:17.956Z - normal: Simulator: }
2018-11-07T02:24:17.956Z - normal: Simulator: 
2018-11-07T02:24:17.956Z - normal: Simulator: 
2018-11-07T02:24:17.957Z - normal: Simulator: cocos2d: warning, Director::setProjection() failed because size is 0
2018-11-07T02:24:17.990Z - normal: Simulator: Project Config:
2018-11-07T02:24:17.991Z - normal: Simulator:     project dir: /Applications/CocosCreator.app/Contents/Resources/cocos2d-x/simulator/mac/Simulator.app/Contents/Resources/
2018-11-07T02:24:17.991Z - normal: Simulator:     writable path: $(PROJDIR)/
2018-11-07T02:24:17.992Z - normal: Simulator:     script file: $(PROJDIR)/main.js
2018-11-07T02:24:17.992Z - normal: Simulator:     frame size: 400 x 250
2018-11-07T02:24:17.992Z - normal: Simulator:     frame scale: 1.00
2018-11-07T02:24:17.993Z - normal: Simulator:     show console: NO
2018-11-07T02:24:17.993Z - normal: Simulator:     write debug log: NO ()
2018-11-07T02:24:17.994Z - normal: Simulator:     listen: 
2018-11-07T02:24:17.994Z - normal: Simulator:     debugger: none
2018-11-07T02:24:17.995Z - normal: Simulator:     add searching path:
2018-11-07T02:24:18.023Z - normal: Simulator: ------------------------------------------------
2018-11-07T02:24:18.023Z - normal: Simulator: LOAD Js FILE: main.js
2018-11-07T02:24:18.024Z - normal: Simulator: ------------------------------------------------
2018-11-07T02:24:18.028Z - normal: Simulator: Initializing JavaScriptCore 
2018-11-07T02:24:18.197Z - normal: Simulator: JS: Cocos2d-x-lite v1.8.2
2018-11-07T02:24:18.563Z - normal: Simulator: iShow!
2018-11-07T02:24:18.857Z - normal: Simulator: JS: InitScene: 3.288000000000011ms
2018-11-07T02:24:18.858Z - normal: Simulator: JS: AutoRelease: 0.1510000000000673ms
2018-11-07T02:24:18.858Z - normal: Simulator: JS: Destroy: 0.08999999999991815ms
2018-11-07T02:24:18.859Z - normal: Simulator: JS: AttachPersist: 0.009999999999990905ms
2018-11-07T02:24:18.879Z - normal: Simulator: setReturnType not implemented
2018-11-07T02:24:18.906Z - normal: Simulator: [Edit text] content size = (160.000000, 40.000000)
2018-11-07T02:24:18.906Z - normal: Simulator: setReturnType not implemented
2018-11-07T02:24:18.907Z - normal: Simulator: [Edit text] content size = (160.000000, 40.000000)
2018-11-07T02:24:18.908Z - normal: Simulator: [Edit text] content size = (160.000000, 40.000000)
2018-11-07T02:24:18.908Z - normal: Simulator: setReturnType not implemented
2018-11-07T02:24:18.911Z - normal: Simulator: JS: Activate: 50.456999999999994ms
2018-11-07T02:24:18.912Z - normal: Simulator: [Edit text] content size = (160.000000, 40.000000)
2018-11-07T02:24:28.095Z - normal: Simulator: ScriptEngine::cleanup begin ...
2018-11-07T02:24:28.096Z - normal: Simulator: GC begin ..., (Native -> JS map) count: 75
2018-11-07T02:24:28.102Z - normal: Simulator: GC end ..., (Native -> JS map) count: 48
2018-11-07T02:24:28.103Z - normal: Simulator: GC begin ..., (Native -> JS map) count: 48
2018-11-07T02:24:28.108Z - normal: Simulator: GC end ..., (Native -> JS map) count: 48
2018-11-07T02:24:28.109Z - normal: Simulator: GC begin ..., (Native -> JS map) count: 48
2018-11-07T02:24:28.121Z - normal: Simulator: GC end ..., (Native -> JS map) count: 48
2018-11-07T02:24:28.164Z - normal: Simulator: setReturnType not implemented
2018-11-07T02:24:28.165Z - normal: Simulator: Starting to cleanup dragonbones object, count: 0
2018-11-07T02:24:28.166Z - normal: Simulator: After first cleanup, dragonbones object remained count: 0
2018-11-07T02:24:28.168Z - normal: Simulator: After second cleanup, dragonbones object remained count: 0
2018-11-07T02:24:28.169Z - normal: Simulator: ScriptEngine::cleanup end ...
2018-11-07T02:39:10.639Z - normal: Simulator: WORKAREA WIDTH 1280.00, HEIGHT 718.00
2018-11-07T02:39:10.644Z - normal: Simulator: FRAME SCALE = 1.00
2018-11-07T02:39:10.674Z - normal: Simulator: GLFWError #65544 Happen, Cocoa: Failed to retrieve display name
2018-11-07T02:39:10.818Z - normal: Simulator: 
2018-11-07T02:39:10.818Z - normal: Simulator: {
2018-11-07T02:39:10.819Z - normal: Simulator: 	gl.supports_OES_map_buffer: false
2018-11-07T02:39:10.819Z - normal: Simulator: 	gl.supports_vertex_array_object: true
2018-11-07T02:39:10.819Z - normal: Simulator: 	cocos2d.x.version: Cocos2d-x-lite v1.8.2
2018-11-07T02:39:10.820Z - normal: Simulator: 	gl.vendor: Intel Inc.
2018-11-07T02:39:10.820Z - normal: Simulator: 	gl.supports_PVRTC: false
2018-11-07T02:39:10.820Z - normal: Simulator: 	gl.renderer: Intel HD Graphics 4000 OpenGL Engine
2018-11-07T02:39:10.821Z - normal: Simulator: 	cocos2d.x.compiled_with_profiler: false
2018-11-07T02:39:10.821Z - normal: Simulator: 	gl.max_texture_size: 16384
2018-11-07T02:39:10.822Z - normal: Simulator: 	gl.supports_ETC1: false
2018-11-07T02:39:10.822Z - normal: Simulator: 	gl.supports_BGRA8888: false
2018-11-07T02:39:10.822Z - normal: Simulator: 	cocos2d.x.build_type: DEBUG
2018-11-07T02:39:10.823Z - normal: Simulator: 	gl.max_texture_units: 16
2018-11-07T02:39:10.823Z - normal: Simulator: 	gl.supports_OES_packed_depth_stencil: false
2018-11-07T02:39:10.823Z - normal: Simulator: 	gl.supports_discard_framebuffer: false
2018-11-07T02:39:10.824Z - normal: Simulator: 	gl.supports_NPOT: true
2018-11-07T02:39:10.824Z - normal: Simulator: 	gl.version: 2.1 INTEL-12.0.34
2018-11-07T02:39:10.824Z - normal: Simulator: 	cocos2d.x.compiled_with_gl_state_cache: true
2018-11-07T02:39:10.825Z - normal: Simulator: 	gl.supports_OES_depth24: false
2018-11-07T02:39:10.825Z - normal: Simulator: }
2018-11-07T02:39:10.825Z - normal: Simulator: 
2018-11-07T02:39:10.826Z - normal: Simulator: 
2018-11-07T02:39:10.826Z - normal: Simulator: cocos2d: warning, Director::setProjection() failed because size is 0
2018-11-07T02:39:10.910Z - normal: Simulator: Project Config:
2018-11-07T02:39:10.911Z - normal: Simulator:     project dir: /Applications/CocosCreator.app/Contents/Resources/cocos2d-x/simulator/mac/Simulator.app/Contents/Resources/
2018-11-07T02:39:10.913Z - normal: Simulator:     writable path: $(PROJDIR)/
2018-11-07T02:39:10.915Z - normal: Simulator:     script file: $(PROJDIR)/main.js
2018-11-07T02:39:10.916Z - normal: Simulator:     frame size: 400 x 250
2018-11-07T02:39:10.917Z - normal: Simulator:     frame scale: 1.00
2018-11-07T02:39:10.918Z - normal: Simulator:     show console: NO
2018-11-07T02:39:10.918Z - normal: Simulator:     write debug log: NO ()
2018-11-07T02:39:10.919Z - normal: Simulator:     listen: 
2018-11-07T02:39:10.920Z - normal: Simulator:     debugger: none
2018-11-07T02:39:10.920Z - normal: Simulator:     add searching path:
2018-11-07T02:39:10.921Z - normal: Simulator: ------------------------------------------------
2018-11-07T02:39:10.921Z - normal: Simulator: LOAD Js FILE: main.js
2018-11-07T02:39:10.922Z - normal: Simulator: ------------------------------------------------
2018-11-07T02:39:10.922Z - normal: Simulator: Initializing JavaScriptCore 
2018-11-07T02:39:11.047Z - normal: Simulator: JS: Cocos2d-x-lite v1.8.2
2018-11-07T02:39:11.469Z - normal: Simulator: iShow!
2018-11-07T02:39:11.862Z - normal: Simulator: JS: InitScene: 2.5299999999999727ms
2018-11-07T02:39:11.863Z - normal: Simulator: JS: AutoRelease: 0.16200000000003456ms
2018-11-07T02:39:11.863Z - normal: Simulator: JS: Destroy: 0.09600000000000364ms
2018-11-07T02:39:11.864Z - normal: Simulator: JS: AttachPersist: 0.009999999999990905ms
2018-11-07T02:39:11.875Z - normal: Simulator: setReturnType not implemented
2018-11-07T02:39:11.889Z - normal: Simulator: [Edit text] content size = (160.000000, 40.000000)
2018-11-07T02:39:11.890Z - normal: Simulator: setReturnType not implemented
2018-11-07T02:39:11.891Z - normal: Simulator: [Edit text] content size = (160.000000, 40.000000)
2018-11-07T02:39:11.891Z - normal: Simulator: [Edit text] content size = (160.000000, 40.000000)
2018-11-07T02:39:11.891Z - normal: Simulator: setReturnType not implemented
2018-11-07T02:39:11.892Z - normal: Simulator: JS: Activate: 16.517000000000053ms
2018-11-07T02:39:11.892Z - normal: Simulator: [Edit text] content size = (160.000000, 40.000000)
2018-11-07T02:39:13.578Z - normal: Simulator: JS: ceshi == test
2018-11-07T02:39:14.292Z - normal: Simulator: JS: ceshi == test
2018-11-07T02:39:14.490Z - normal: Simulator: JS: ceshi == test
2018-11-07T02:39:15.138Z - normal: Simulator: JS: ceshi == test
2018-11-07T02:39:16.502Z - normal: Simulator: JS: ceshi == test
2018-11-07T02:39:16.701Z - normal: Simulator: JS: ceshi == test
2018-11-07T02:39:18.073Z - normal: Simulator: ScriptEngine::cleanup begin ...
2018-11-07T02:39:18.074Z - normal: Simulator: GC begin ..., (Native -> JS map) count: 70
2018-11-07T02:39:18.094Z - normal: Simulator: GC end ..., (Native -> JS map) count: 45
2018-11-07T02:39:18.095Z - normal: Simulator: GC begin ..., (Native -> JS map) count: 45
2018-11-07T02:39:18.097Z - normal: Simulator: GC end ..., (Native -> JS map) count: 45
2018-11-07T02:39:18.098Z - normal: Simulator: GC begin ..., (Native -> JS map) count: 45
2018-11-07T02:39:18.100Z - normal: Simulator: GC end ..., (Native -> JS map) count: 45
2018-11-07T02:39:18.209Z - normal: Simulator: setReturnType not implemented
2018-11-07T02:39:18.210Z - normal: Simulator: Starting to cleanup dragonbones object, count: 0
2018-11-07T02:39:18.224Z - normal: Simulator: After first cleanup, dragonbones object remained count: 0
2018-11-07T02:39:18.224Z - normal: Simulator: After second cleanup, dragonbones object remained count: 0
2018-11-07T02:39:18.225Z - normal: Simulator: ScriptEngine::cleanup end ...
2018-11-07T02:44:21.295Z - normal: Simulator: WORKAREA WIDTH 1280.00, HEIGHT 718.00
2018-11-07T02:44:21.299Z - normal: Simulator: FRAME SCALE = 1.00
2018-11-07T02:44:21.308Z - normal: Simulator: GLFWError #65544 Happen, Cocoa: Failed to retrieve display name
2018-11-07T02:44:21.440Z - normal: Simulator: 
2018-11-07T02:44:21.440Z - normal: Simulator: {
2018-11-07T02:44:21.441Z - normal: Simulator: 	gl.supports_OES_map_buffer: false
2018-11-07T02:44:21.441Z - normal: Simulator: 	gl.supports_vertex_array_object: true
2018-11-07T02:44:21.442Z - normal: Simulator: 	cocos2d.x.version: Cocos2d-x-lite v1.8.2
2018-11-07T02:44:21.442Z - normal: Simulator: 	gl.vendor: Intel Inc.
2018-11-07T02:44:21.443Z - normal: Simulator: 	gl.supports_PVRTC: false
2018-11-07T02:44:21.443Z - normal: Simulator: 	gl.renderer: Intel HD Graphics 4000 OpenGL Engine
2018-11-07T02:44:21.443Z - normal: Simulator: 	cocos2d.x.compiled_with_profiler: false
2018-11-07T02:44:21.444Z - normal: Simulator: 	gl.max_texture_size: 16384
2018-11-07T02:44:21.444Z - normal: Simulator: 	gl.supports_ETC1: false
2018-11-07T02:44:21.445Z - normal: Simulator: 	gl.supports_BGRA8888: false
2018-11-07T02:44:21.445Z - normal: Simulator: 	cocos2d.x.build_type: DEBUG
2018-11-07T02:44:21.446Z - normal: Simulator: 	gl.max_texture_units: 16
2018-11-07T02:44:21.446Z - normal: Simulator: 	gl.supports_OES_packed_depth_stencil: false
2018-11-07T02:44:21.446Z - normal: Simulator: 	gl.supports_discard_framebuffer: false
2018-11-07T02:44:21.447Z - normal: Simulator: 	gl.supports_NPOT: true
2018-11-07T02:44:21.447Z - normal: Simulator: 	gl.version: 2.1 INTEL-12.0.34
2018-11-07T02:44:21.447Z - normal: Simulator: 	cocos2d.x.compiled_with_gl_state_cache: true
2018-11-07T02:44:21.448Z - normal: Simulator: 	gl.supports_OES_depth24: false
2018-11-07T02:44:21.448Z - normal: Simulator: }
2018-11-07T02:44:21.448Z - normal: Simulator: 
2018-11-07T02:44:21.449Z - normal: Simulator: 
2018-11-07T02:44:21.449Z - normal: Simulator: cocos2d: warning, Director::setProjection() failed because size is 0
2018-11-07T02:44:21.482Z - normal: Simulator: Project Config:
2018-11-07T02:44:21.483Z - normal: Simulator:     project dir: /Applications/CocosCreator.app/Contents/Resources/cocos2d-x/simulator/mac/Simulator.app/Contents/Resources/
2018-11-07T02:44:21.483Z - normal: Simulator:     writable path: $(PROJDIR)/
2018-11-07T02:44:21.484Z - normal: Simulator:     script file: $(PROJDIR)/main.js
2018-11-07T02:44:21.484Z - normal: Simulator:     frame size: 400 x 250
2018-11-07T02:44:21.484Z - normal: Simulator:     frame scale: 1.00
2018-11-07T02:44:21.485Z - normal: Simulator:     show console: NO
2018-11-07T02:44:21.485Z - normal: Simulator:     write debug log: NO ()
2018-11-07T02:44:21.485Z - normal: Simulator:     listen: 
2018-11-07T02:44:21.486Z - normal: Simulator:     debugger: none
2018-11-07T02:44:21.486Z - normal: Simulator:     add searching path:
2018-11-07T02:44:21.487Z - normal: Simulator: ------------------------------------------------
2018-11-07T02:44:21.487Z - normal: Simulator: LOAD Js FILE: main.js
2018-11-07T02:44:21.487Z - normal: Simulator: ------------------------------------------------
2018-11-07T02:44:21.487Z - normal: Simulator: Initializing JavaScriptCore 
2018-11-07T02:44:21.623Z - normal: Simulator: JS: Cocos2d-x-lite v1.8.2
2018-11-07T02:44:22.210Z - normal: Simulator: iShow!
2018-11-07T02:44:22.661Z - normal: Simulator: JS: InitScene: 2.66599999999994ms
2018-11-07T02:44:22.662Z - normal: Simulator: JS: AutoRelease: 0.20900000000006003ms
2018-11-07T02:44:22.662Z - normal: Simulator: JS: Destroy: 0.12400000000002365ms
2018-11-07T02:44:22.663Z - normal: Simulator: JS: AttachPersist: 0.010999999999967258ms
2018-11-07T02:44:22.687Z - normal: Simulator: setReturnType not implemented
2018-11-07T02:44:22.689Z - normal: Simulator: [Edit text] content size = (160.000000, 40.000000)
2018-11-07T02:44:22.689Z - normal: Simulator: setReturnType not implemented
2018-11-07T02:44:22.691Z - normal: Simulator: [Edit text] content size = (160.000000, 40.000000)
2018-11-07T02:44:22.692Z - normal: Simulator: [Edit text] content size = (160.000000, 40.000000)
2018-11-07T02:44:22.692Z - normal: Simulator: setReturnType not implemented
2018-11-07T02:44:22.692Z - normal: Simulator: JS: Activate: 21.042000000000144ms
2018-11-07T02:44:22.693Z - normal: Simulator: [Edit text] content size = (160.000000, 40.000000)
2018-11-07T02:44:27.116Z - normal: Simulator: JS: ceshi == test
2018-11-07T02:44:27.117Z - normal: Simulator: JS: 输入框 == 
2018-11-07T02:44:31.624Z - normal: Simulator: JS: ceshi == test
2018-11-07T02:44:31.625Z - normal: Simulator: JS: 输入框 == af
2018-11-07T02:44:35.151Z - normal: Simulator: ScriptEngine::cleanup begin ...
2018-11-07T02:44:35.152Z - normal: Simulator: GC begin ..., (Native -> JS map) count: 68
2018-11-07T02:44:35.165Z - normal: Simulator: GC end ..., (Native -> JS map) count: 45
2018-11-07T02:44:35.166Z - normal: Simulator: GC begin ..., (Native -> JS map) count: 45
2018-11-07T02:44:35.168Z - normal: Simulator: GC end ..., (Native -> JS map) count: 45
2018-11-07T02:44:35.169Z - normal: Simulator: GC begin ..., (Native -> JS map) count: 45
2018-11-07T02:44:35.172Z - normal: Simulator: GC end ..., (Native -> JS map) count: 45
2018-11-07T02:44:35.183Z - normal: Simulator: setReturnType not implemented
2018-11-07T02:44:35.183Z - normal: Simulator: Starting to cleanup dragonbones object, count: 0
2018-11-07T02:44:35.184Z - normal: Simulator: After first cleanup, dragonbones object remained count: 0
2018-11-07T02:44:35.185Z - normal: Simulator: After second cleanup, dragonbones object remained count: 0
2018-11-07T02:44:35.186Z - normal: Simulator: ScriptEngine::cleanup end ...
2018-11-07T03:56:09.565Z - failed: load script [/Users/lijinyou/myWork/Games/Card_game/temp/quick-scripts/assets/Scripts/socket.io.js] failed : TypeError: Cannot read property 'Buffer' of undefined
    at Object.<anonymous> (/Users/lijinyou/myWork/Games/Card_game/temp/quick-scripts/assets/Scripts/socket.io.js:383:52)
    at Object.<anonymous> (/Users/lijinyou/myWork/Games/Card_game/temp/quick-scripts/assets/Scripts/socket.io.js:390:8)
    at e (/Users/lijinyou/myWork/Games/Card_game/temp/quick-scripts/assets/Scripts/socket.io.js:19:99)
    at Object.<anonymous> (/Users/lijinyou/myWork/Games/Card_game/temp/quick-scripts/assets/Scripts/socket.io.js:349:15)
    at Object.n (/Users/lijinyou/myWork/Games/Card_game/temp/quick-scripts/assets/Scripts/socket.io.js:372:8)
    at e (/Users/lijinyou/myWork/Games/Card_game/temp/quick-scripts/assets/Scripts/socket.io.js:19:99)
    at Object.t.exports (/Users/lijinyou/myWork/Games/Card_game/temp/quick-scripts/assets/Scripts/socket.io.js:278:13)
    at e (/Users/lijinyou/myWork/Games/Card_game/temp/quick-scripts/assets/Scripts/socket.io.js:19:99)
    at Object.<anonymous> (/Users/lijinyou/myWork/Games/Card_game/temp/quick-scripts/assets/Scripts/socket.io.js:37:13)
    at e (/Users/lijinyou/myWork/Games/Card_game/temp/quick-scripts/assets/Scripts/socket.io.js:19:99)
2018-11-07T04:02:38.544Z - failed: load script [/Users/lijinyou/myWork/Games/Card_game/temp/quick-scripts/assets/Scripts/socket.io.js] failed : TypeError: Cannot read property 'Buffer' of undefined
    at Object.<anonymous> (/Users/lijinyou/myWork/Games/Card_game/temp/quick-scripts/assets/Scripts/socket.io.js:383:52)
    at Object.<anonymous> (/Users/lijinyou/myWork/Games/Card_game/temp/quick-scripts/assets/Scripts/socket.io.js:390:8)
    at e (/Users/lijinyou/myWork/Games/Card_game/temp/quick-scripts/assets/Scripts/socket.io.js:19:99)
    at Object.<anonymous> (/Users/lijinyou/myWork/Games/Card_game/temp/quick-scripts/assets/Scripts/socket.io.js:349:15)
    at Object.n (/Users/lijinyou/myWork/Games/Card_game/temp/quick-scripts/assets/Scripts/socket.io.js:372:8)
    at e (/Users/lijinyou/myWork/Games/Card_game/temp/quick-scripts/assets/Scripts/socket.io.js:19:99)
    at Object.t.exports (/Users/lijinyou/myWork/Games/Card_game/temp/quick-scripts/assets/Scripts/socket.io.js:278:13)
    at e (/Users/lijinyou/myWork/Games/Card_game/temp/quick-scripts/assets/Scripts/socket.io.js:19:99)
    at Object.<anonymous> (/Users/lijinyou/myWork/Games/Card_game/temp/quick-scripts/assets/Scripts/socket.io.js:37:13)
    at e (/Users/lijinyou/myWork/Games/Card_game/temp/quick-scripts/assets/Scripts/socket.io.js:19:99)
2018-11-07T04:02:42.933Z - failed: load script [/Users/lijinyou/myWork/Games/Card_game/temp/quick-scripts/assets/Scripts/socket.io.js] failed : TypeError: Cannot read property 'Buffer' of undefined
    at Object.<anonymous> (/Users/lijinyou/myWork/Games/Card_game/temp/quick-scripts/assets/Scripts/socket.io.js:383:52)
    at Object.<anonymous> (/Users/lijinyou/myWork/Games/Card_game/temp/quick-scripts/assets/Scripts/socket.io.js:390:8)
    at e (/Users/lijinyou/myWork/Games/Card_game/temp/quick-scripts/assets/Scripts/socket.io.js:19:99)
    at Object.<anonymous> (/Users/lijinyou/myWork/Games/Card_game/temp/quick-scripts/assets/Scripts/socket.io.js:349:15)
    at Object.n (/Users/lijinyou/myWork/Games/Card_game/temp/quick-scripts/assets/Scripts/socket.io.js:372:8)
    at e (/Users/lijinyou/myWork/Games/Card_game/temp/quick-scripts/assets/Scripts/socket.io.js:19:99)
    at Object.t.exports (/Users/lijinyou/myWork/Games/Card_game/temp/quick-scripts/assets/Scripts/socket.io.js:278:13)
    at e (/Users/lijinyou/myWork/Games/Card_game/temp/quick-scripts/assets/Scripts/socket.io.js:19:99)
    at Object.<anonymous> (/Users/lijinyou/myWork/Games/Card_game/temp/quick-scripts/assets/Scripts/socket.io.js:37:13)
    at e (/Users/lijinyou/myWork/Games/Card_game/temp/quick-scripts/assets/Scripts/socket.io.js:19:99)
2018-11-07T06:19:37.689Z - failed: load script [/Users/lijinyou/myWork/Games/Card_game/temp/quick-scripts/assets/Scripts/socket.io.js] failed : TypeError: Cannot read property 'Buffer' of undefined
    at Object.<anonymous> (/Users/lijinyou/myWork/Games/Card_game/temp/quick-scripts/assets/Scripts/socket.io.js:383:52)
    at Object.<anonymous> (/Users/lijinyou/myWork/Games/Card_game/temp/quick-scripts/assets/Scripts/socket.io.js:390:8)
    at e (/Users/lijinyou/myWork/Games/Card_game/temp/quick-scripts/assets/Scripts/socket.io.js:19:99)
    at Object.<anonymous> (/Users/lijinyou/myWork/Games/Card_game/temp/quick-scripts/assets/Scripts/socket.io.js:349:15)
    at Object.n (/Users/lijinyou/myWork/Games/Card_game/temp/quick-scripts/assets/Scripts/socket.io.js:372:8)
    at e (/Users/lijinyou/myWork/Games/Card_game/temp/quick-scripts/assets/Scripts/socket.io.js:19:99)
    at Object.t.exports (/Users/lijinyou/myWork/Games/Card_game/temp/quick-scripts/assets/Scripts/socket.io.js:278:13)
    at e (/Users/lijinyou/myWork/Games/Card_game/temp/quick-scripts/assets/Scripts/socket.io.js:19:99)
    at Object.<anonymous> (/Users/lijinyou/myWork/Games/Card_game/temp/quick-scripts/assets/Scripts/socket.io.js:37:13)
    at e (/Users/lijinyou/myWork/Games/Card_game/temp/quick-scripts/assets/Scripts/socket.io.js:19:99)
2018-11-07T06:19:48.290Z - failed: load script [/Users/lijinyou/myWork/Games/Card_game/temp/quick-scripts/assets/Scripts/socket.io.js] failed : TypeError: Cannot read property 'Buffer' of undefined
    at Object.<anonymous> (/Users/lijinyou/myWork/Games/Card_game/temp/quick-scripts/assets/Scripts/socket.io.js:383:52)
    at Object.<anonymous> (/Users/lijinyou/myWork/Games/Card_game/temp/quick-scripts/assets/Scripts/socket.io.js:390:8)
    at e (/Users/lijinyou/myWork/Games/Card_game/temp/quick-scripts/assets/Scripts/socket.io.js:19:99)
    at Object.<anonymous> (/Users/lijinyou/myWork/Games/Card_game/temp/quick-scripts/assets/Scripts/socket.io.js:349:15)
    at Object.n (/Users/lijinyou/myWork/Games/Card_game/temp/quick-scripts/assets/Scripts/socket.io.js:372:8)
    at e (/Users/lijinyou/myWork/Games/Card_game/temp/quick-scripts/assets/Scripts/socket.io.js:19:99)
    at Object.t.exports (/Users/lijinyou/myWork/Games/Card_game/temp/quick-scripts/assets/Scripts/socket.io.js:278:13)
    at e (/Users/lijinyou/myWork/Games/Card_game/temp/quick-scripts/assets/Scripts/socket.io.js:19:99)
    at Object.<anonymous> (/Users/lijinyou/myWork/Games/Card_game/temp/quick-scripts/assets/Scripts/socket.io.js:37:13)
    at e (/Users/lijinyou/myWork/Games/Card_game/temp/quick-scripts/assets/Scripts/socket.io.js:19:99)
2018-11-07T07:58:58.209Z - failed: load script [/Users/lijinyou/myWork/Games/Card_game/temp/quick-scripts/assets/Scripts/socket.io.js] failed : TypeError: Cannot read property 'Buffer' of undefined
    at Object.<anonymous> (/Users/lijinyou/myWork/Games/Card_game/temp/quick-scripts/assets/Scripts/socket.io.js:383:52)
    at Object.<anonymous> (/Users/lijinyou/myWork/Games/Card_game/temp/quick-scripts/assets/Scripts/socket.io.js:390:8)
    at e (/Users/lijinyou/myWork/Games/Card_game/temp/quick-scripts/assets/Scripts/socket.io.js:19:99)
    at Object.<anonymous> (/Users/lijinyou/myWork/Games/Card_game/temp/quick-scripts/assets/Scripts/socket.io.js:349:15)
    at Object.n (/Users/lijinyou/myWork/Games/Card_game/temp/quick-scripts/assets/Scripts/socket.io.js:372:8)
    at e (/Users/lijinyou/myWork/Games/Card_game/temp/quick-scripts/assets/Scripts/socket.io.js:19:99)
    at Object.t.exports (/Users/lijinyou/myWork/Games/Card_game/temp/quick-scripts/assets/Scripts/socket.io.js:278:13)
    at e (/Users/lijinyou/myWork/Games/Card_game/temp/quick-scripts/assets/Scripts/socket.io.js:19:99)
    at Object.<anonymous> (/Users/lijinyou/myWork/Games/Card_game/temp/quick-scripts/assets/Scripts/socket.io.js:37:13)
    at e (/Users/lijinyou/myWork/Games/Card_game/temp/quick-scripts/assets/Scripts/socket.io.js:19:99)
2018-11-07T09:07:15.099Z - normal: Simulator: WORKAREA WIDTH 1280.00, HEIGHT 722.00
2018-11-07T09:07:15.103Z - normal: Simulator: FRAME SCALE = 1.00
2018-11-07T09:07:15.217Z - normal: Simulator: GLFWError #65544 Happen, Cocoa: Failed to retrieve display name
2018-11-07T09:07:15.313Z - normal: Simulator: 
2018-11-07T09:07:15.366Z - normal: Simulator: {
2018-11-07T09:07:15.367Z - normal: Simulator: 	gl.supports_OES_map_buffer: false
2018-11-07T09:07:15.367Z - normal: Simulator: 	gl.supports_vertex_array_object: true
2018-11-07T09:07:15.367Z - normal: Simulator: 	cocos2d.x.version: Cocos2d-x-lite v1.8.2
2018-11-07T09:07:15.368Z - normal: Simulator: 	gl.vendor: Intel Inc.
2018-11-07T09:07:15.368Z - normal: Simulator: 	gl.supports_PVRTC: false
2018-11-07T09:07:15.369Z - normal: Simulator: 	gl.renderer: Intel HD Graphics 4000 OpenGL Engine
2018-11-07T09:07:15.369Z - normal: Simulator: 	cocos2d.x.compiled_with_profiler: false
2018-11-07T09:07:15.369Z - normal: Simulator: 	gl.max_texture_size: 16384
2018-11-07T09:07:15.370Z - normal: Simulator: 	gl.supports_ETC1: false
2018-11-07T09:07:15.370Z - normal: Simulator: 	gl.supports_BGRA8888: false
2018-11-07T09:07:15.370Z - normal: Simulator: 	cocos2d.x.build_type: DEBUG
2018-11-07T09:07:15.371Z - normal: Simulator: 	gl.max_texture_units: 16
2018-11-07T09:07:15.371Z - normal: Simulator: 	gl.supports_OES_packed_depth_stencil: false
2018-11-07T09:07:15.371Z - normal: Simulator: 	gl.supports_discard_framebuffer: false
2018-11-07T09:07:15.372Z - normal: Simulator: 	gl.supports_NPOT: true
2018-11-07T09:07:15.372Z - normal: Simulator: 	gl.version: 2.1 INTEL-12.0.34
2018-11-07T09:07:15.372Z - normal: Simulator: 	cocos2d.x.compiled_with_gl_state_cache: true
2018-11-07T09:07:15.373Z - normal: Simulator: 	gl.supports_OES_depth24: false
2018-11-07T09:07:15.373Z - normal: Simulator: }
2018-11-07T09:07:15.374Z - normal: Simulator: 
2018-11-07T09:07:15.374Z - normal: Simulator: 
2018-11-07T09:07:15.375Z - normal: Simulator: cocos2d: warning, Director::setProjection() failed because size is 0
2018-11-07T09:07:15.394Z - normal: Simulator: Project Config:
2018-11-07T09:07:15.395Z - normal: Simulator:     project dir: /Applications/CocosCreator.app/Contents/Resources/cocos2d-x/simulator/mac/Simulator.app/Contents/Resources/
2018-11-07T09:07:15.396Z - normal: Simulator:     writable path: $(PROJDIR)/
2018-11-07T09:07:15.396Z - normal: Simulator:     script file: $(PROJDIR)/main.js
2018-11-07T09:07:15.397Z - normal: Simulator:     frame size: 400 x 250
2018-11-07T09:07:15.397Z - normal: Simulator:     frame scale: 1.00
2018-11-07T09:07:15.397Z - normal: Simulator:     show console: NO
2018-11-07T09:07:15.398Z - normal: Simulator:     write debug log: NO ()
2018-11-07T09:07:15.398Z - normal: Simulator:     listen: 
2018-11-07T09:07:15.398Z - normal: Simulator:     debugger: none
2018-11-07T09:07:15.399Z - normal: Simulator:     add searching path:
2018-11-07T09:07:15.413Z - normal: Simulator: ------------------------------------------------
2018-11-07T09:07:15.413Z - normal: Simulator: LOAD Js FILE: main.js
2018-11-07T09:07:15.416Z - normal: Simulator: ------------------------------------------------
2018-11-07T09:07:15.417Z - normal: Simulator: Initializing JavaScriptCore 
2018-11-07T09:07:15.496Z - normal: Simulator: JS: Cocos2d-x-lite v1.8.2
2018-11-07T09:07:15.896Z - normal: Simulator: ERROR: ReferenceError: Can't find variable: navigator, location: /Users/lijinyou/myWork/Games/Card_game/assets/Scripts/socket.io.js:2980:26
2018-11-07T09:07:15.897Z - normal: Simulator: STACK:
2018-11-07T09:07:15.899Z - normal: Simulator: /Users/lijinyou/myWork/Games/Card_game/assets/Scripts/socket.io.js:2980:26
2018-11-07T09:07:15.899Z - normal: Simulator: /Users/lijinyou/myWork/Games/Card_game/assets/Scripts/socket.io.js:3557:8
2018-11-07T09:07:15.900Z - normal: Simulator: s@/Users/lijinyou/myWork/Games/Card_game/assets/Scripts/socket.io.js:1:620
2018-11-07T09:07:15.900Z - normal: Simulator: /Users/lijinyou/myWork/Games/Card_game/assets/Scripts/socket.io.js:1:668
2018-11-07T09:07:15.901Z - normal: Simulator: /Users/lijinyou/myWork/Games/Card_game/assets/Scripts/socket.io.js:754:21
2018-11-07T09:07:15.901Z - normal: Simulator: s@/Users/lijinyou/myWork/Games/Card_game/assets/Scripts/socket.io.js:1:620
2018-11-07T09:07:15.901Z - normal: Simulator: /Users/lijinyou/myWork/Games/Card_game/assets/Scripts/socket.io.js:1:668
2018-11-07T09:07:15.903Z - normal: Simulator: /Users/lijinyou/myWork/Games/Card_game/assets/Scripts/socket.io.js:1626:24
2018-11-07T09:07:15.904Z - normal: Simulator: s@/Users/lijinyou/myWork/Games/Card_game/assets/Scripts/socket.io.js:1:620
2018-11-07T09:07:15.904Z - normal: Simulator: /Users/lijinyou/myWork/Games/Card_game/assets/Scripts/socket.io.js:1:668
2018-11-07T09:07:15.906Z - normal: Simulator: /Users/lijinyou/myWork/Games/Card_game/assets/Scripts/socket.io.js:1212:22
2018-11-07T09:07:15.908Z - normal: Simulator: /Users/lijinyou/myWork/Games/Card_game/assets/Scripts/socket.io.js:1620:8
2018-11-07T09:07:15.909Z - normal: Simulator: s@/Users/lijinyou/myWork/Games/Card_game/assets/Scripts/socket.io.js:1:620
2018-11-07T09:07:15.909Z - normal: Simulator: /Users/lijinyou/myWork/Games/Card_game/assets/Scripts/socket.io.js:1:668
2018-11-07T09:07:15.910Z - normal: Simulator: /Users/lijinyou/myWork/Games/Card_game/assets/Scripts/socket.io.js:913:18
2018-11-07T09:07:15.911Z - normal: Simulator: /Users/lijinyou/myWork/Games/Card_game/assets/Scripts/socket.io.js:962:8
2018-11-07T09:07:15.911Z - normal: Simulator: s@/Users/lijinyou/myWork/Games/Card_game/assets/Scripts/socket.io.js:1:620
2018-11-07T09:07:15.912Z - normal: Simulator: /Users/lijinyou/myWork/Games/Card_game/assets/Scripts/socket.io.js:1:668
2018-11-07T09:07:15.913Z - normal: Simulator: /Users/lijinyou/myWork/Games/Card_game/assets/Scripts/socket.io.js:23:25
2018-11-07T09:07:15.913Z - normal: Simulator: /Users/lijinyou/myWork/Games/Card_game/assets/Scripts/socket.io.js:748:8
2018-11-07T09:07:15.915Z - normal: Simulator: s@/Users/lijinyou/myWork/Games/Card_game/assets/Scripts/socket.io.js:1:620
2018-11-07T09:07:15.917Z - normal: Simulator: /Users/lijinyou/myWork/Games/Card_game/assets/Scripts/socket.io.js:1:668
2018-11-07T09:07:15.919Z - normal: Simulator: /Users/lijinyou/myWork/Games/Card_game/assets/Scripts/socket.io.js:7:25
2018-11-07T09:07:15.919Z - normal: Simulator: s@/Users/lijinyou/myWork/Games/Card_game/assets/Scripts/socket.io.js:1:620
2018-11-07T09:07:15.920Z - normal: Simulator: /Users/lijinyou/myWork/Games/Card_game/assets/Scripts/socket.io.js:1:668
2018-11-07T09:07:15.920Z - normal: Simulator: /Users/lijinyou/myWork/Games/Card_game/assets/Scripts/socket.io.js:3:26
2018-11-07T09:07:15.921Z - normal: Simulator: s@/Users/lijinyou/myWork/Games/Card_game/assets/Scripts/socket.io.js:1:620
2018-11-07T09:07:15.921Z - normal: Simulator: /Users/lijinyou/myWork/Games/Card_game/assets/Scripts/socket.io.js:1:668
2018-11-07T09:07:15.921Z - normal: Simulator: /Users/lijinyou/myWork/Games/Card_game/assets/Scripts/socket.io.js:4336:18
2018-11-07T09:07:15.922Z - normal: Simulator: s@/Users/lijinyou/myWork/Games/Card_game/assets/Scripts/socket.io.js:1:620
2018-11-07T09:07:15.922Z - normal: Simulator: /Users/lijinyou/myWork/Games/Card_game/assets/Scripts/socket.io.js:1:668
2018-11-07T09:07:15.923Z - normal: Simulator: /Users/lijinyou/myWork/Games/Card_game/assets/Scripts/socket.io.js:4244:22
2018-11-07T09:07:15.923Z - normal: Simulator: s@/Users/lijinyou/myWork/Games/Card_game/assets/Scripts/socket.io.js:1:620
2018-11-07T09:07:15.923Z - normal: Simulator: e@/Users/lijinyou/myWork/Games/Card_game/assets/Scripts/socket.io.js:1:788
2018-11-07T09:07:15.924Z - normal: Simulator: /Users/lijinyou/myWork/Games/Card_game/assets/Scripts/socket.io.js:1:805
2018-11-07T09:07:15.924Z - normal: Simulator: /Users/lijinyou/myWork/Games/Card_game/assets/Scripts/socket.io.js:1:313
2018-11-07T09:07:15.924Z - normal: Simulator: global code@/Users/lijinyou/myWork/Games/Card_game/assets/Scripts/socket.io.js:1:318
2018-11-07T09:07:15.925Z - normal: Simulator: require@[native code]
2018-11-07T09:07:15.925Z - normal: Simulator: newRequire@src/jsb_polyfill.js:10:63
2018-11-07T09:07:15.926Z - normal: Simulator: src/jsb_polyfill.js:21:28
2018-11-07T09:07:15.926Z - normal: Simulator: downloadScript@src/jsb_polyfill.js:26320:16
2018-11-07T09:07:15.926Z - normal: Simulator: handle@src/jsb_polyfill.js:12616:38
2018-11-07T09:07:15.927Z - normal: Simulator: flow@src/jsb_polyfill.js:13199:35
2018-11-07T09:07:15.928Z - normal: Simulator: flow@src/jsb_polyfill.js:13217:24
2018-11-07T09:07:15.929Z - normal: Simulator: flowIn@src/jsb_polyfill.js:13272:17
2018-11-07T09:07:15.929Z - normal: Simulator: append@src/jsb_polyfill.js:12954:93
2018-11-07T09:07:15.932Z - normal: Simulator: load@src/jsb_polyfill.js:11972:21
2018-11-07T09:07:15.933Z - normal: Simulator: prepare@src/jsb_polyfill.js:26036:37
2018-11-07T09:07:15.934Z - normal: Simulator: run@src/jsb_polyfill.js:26052:23
2018-11-07T09:07:15.934Z - normal: Simulator: boot@main.js:92:20
2018-11-07T09:07:15.935Z - normal: Simulator: main.js:99:9
2018-11-07T09:07:15.935Z - normal: Simulator: global code@main.js:101:3
2018-11-07T09:07:15.935Z - normal: Simulator: [ERROR] Failed to invoke require, location: /Users/nantas/fireball-x/cocos2d-x-lite_19_release/cocos/scripting/js-bindings/manual/jsb_global.cpp:211
2018-11-07T09:07:15.936Z - normal: Simulator: iShow!
2018-11-07T09:07:16.117Z - normal: Simulator: XMLHttpRequest_finalize, 0x7faa9b4b2840 ... 
2018-11-07T09:07:16.288Z - normal: Simulator: JS: InitScene: 2.479000000000042ms
2018-11-07T09:07:16.288Z - normal: Simulator: JS: AutoRelease: 0.18400000000008276ms
2018-11-07T09:07:16.289Z - normal: Simulator: JS: Destroy: 0.10399999999992815ms
2018-11-07T09:07:16.289Z - normal: Simulator: JS: AttachPersist: 0.011000000000080945ms
2018-11-07T09:07:16.299Z - normal: Simulator: setReturnType not implemented
2018-11-07T09:07:16.299Z - normal: Simulator: [Edit text] content size = (160.000000, 40.000000)
2018-11-07T09:07:16.300Z - normal: Simulator: setReturnType not implemented
2018-11-07T09:07:16.301Z - normal: Simulator: [Edit text] content size = (160.000000, 40.000000)
2018-11-07T09:07:16.302Z - normal: Simulator: [Edit text] content size = (160.000000, 40.000000)
2018-11-07T09:07:16.302Z - normal: Simulator: setReturnType not implemented
2018-11-07T09:07:16.318Z - normal: Simulator: ERROR: ReferenceError: Can't find variable: global, location: assets/Scripts/gameController.js:15:15
2018-11-07T09:07:16.319Z - normal: Simulator: STACK:
2018-11-07T09:07:16.320Z - normal: Simulator: onLoad@assets/Scripts/gameController.js:15:15
2018-11-07T09:07:16.320Z - normal: Simulator: anonymous
2018-11-07T09:07:16.321Z - normal: Simulator: invoke@src/jsb_polyfill.js:4610:23
2018-11-07T09:07:16.321Z - normal: Simulator: activateNode@src/jsb_polyfill.js:13694:31
2018-11-07T09:07:16.322Z - normal: Simulator: _activate@src/jsb_polyfill.js:3258:50
2018-11-07T09:07:16.322Z - normal: Simulator: runSceneImmediate@src/jsb_polyfill.js:25473:28
2018-11-07T09:07:16.323Z - normal: Simulator: main.js:53:54
2018-11-07T09:07:16.323Z - normal: Simulator: src/jsb_polyfill.js:16057:33
2018-11-07T09:07:16.323Z - normal: Simulator: src/jsb_polyfill.js:11962:38
2018-11-07T09:07:16.324Z - normal: Simulator: src/jsb_polyfill.js:19587:21
2018-11-07T09:07:16.324Z - normal: Simulator: onceWrapper@src/jsb_polyfill.js:11017:26
2018-11-07T09:07:16.324Z - normal: Simulator: invoke@src/jsb_polyfill.js:10862:28
2018-11-07T09:07:16.324Z - normal: Simulator: emit@src/jsb_polyfill.js:11044:117
2018-11-07T09:07:16.325Z - normal: Simulator: callback@src/jsb_polyfill.js:25607:27
2018-11-07T09:07:23.634Z - normal: Simulator: ScriptEngine::cleanup begin ...
2018-11-07T09:07:23.634Z - normal: Simulator: GC begin ..., (Native -> JS map) count: 59
2018-11-07T09:07:23.642Z - normal: Simulator: GC end ..., (Native -> JS map) count: 38
2018-11-07T09:07:23.643Z - normal: Simulator: GC begin ..., (Native -> JS map) count: 38
2018-11-07T09:07:23.648Z - normal: Simulator: GC end ..., (Native -> JS map) count: 38
2018-11-07T09:07:23.650Z - normal: Simulator: GC begin ..., (Native -> JS map) count: 38
2018-11-07T09:07:23.657Z - normal: Simulator: GC end ..., (Native -> JS map) count: 38
2018-11-07T09:07:23.667Z - normal: Simulator: setReturnType not implemented
2018-11-07T09:07:23.667Z - normal: Simulator: Starting to cleanup dragonbones object, count: 0
2018-11-07T09:07:23.668Z - normal: Simulator: After first cleanup, dragonbones object remained count: 0
2018-11-07T09:07:23.668Z - normal: Simulator: After second cleanup, dragonbones object remained count: 0
2018-11-07T09:07:23.668Z - normal: Simulator: ScriptEngine::cleanup end ...
2018-11-07T09:07:27.454Z - normal: Simulator: WORKAREA WIDTH 1280.00, HEIGHT 722.00
2018-11-07T09:07:27.458Z - normal: Simulator: FRAME SCALE = 1.00
2018-11-07T09:07:27.473Z - normal: Simulator: GLFWError #65544 Happen, Cocoa: Failed to retrieve display name
2018-11-07T09:07:27.629Z - normal: Simulator: 
2018-11-07T09:07:27.629Z - normal: Simulator: {
2018-11-07T09:07:27.630Z - normal: Simulator: 	gl.supports_OES_map_buffer: false
2018-11-07T09:07:27.630Z - normal: Simulator: 	gl.supports_vertex_array_object: true
2018-11-07T09:07:27.630Z - normal: Simulator: 	cocos2d.x.version: Cocos2d-x-lite v1.8.2
2018-11-07T09:07:27.631Z - normal: Simulator: 	gl.vendor: Intel Inc.
2018-11-07T09:07:27.631Z - normal: Simulator: 	gl.supports_PVRTC: false
2018-11-07T09:07:27.631Z - normal: Simulator: 	gl.renderer: Intel HD Graphics 4000 OpenGL Engine
2018-11-07T09:07:27.632Z - normal: Simulator: 	cocos2d.x.compiled_with_profiler: false
2018-11-07T09:07:27.632Z - normal: Simulator: 	gl.max_texture_size: 16384
2018-11-07T09:07:27.632Z - normal: Simulator: 	gl.supports_ETC1: false
2018-11-07T09:07:27.633Z - normal: Simulator: 	gl.supports_BGRA8888: false
2018-11-07T09:07:27.633Z - normal: Simulator: 	cocos2d.x.build_type: DEBUG
2018-11-07T09:07:27.633Z - normal: Simulator: 	gl.max_texture_units: 16
2018-11-07T09:07:27.634Z - normal: Simulator: 	gl.supports_OES_packed_depth_stencil: false
2018-11-07T09:07:27.634Z - normal: Simulator: 	gl.supports_discard_framebuffer: false
2018-11-07T09:07:27.634Z - normal: Simulator: 	gl.supports_NPOT: true
2018-11-07T09:07:27.635Z - normal: Simulator: 	gl.version: 2.1 INTEL-12.0.34
2018-11-07T09:07:27.635Z - normal: Simulator: 	cocos2d.x.compiled_with_gl_state_cache: true
2018-11-07T09:07:27.635Z - normal: Simulator: 	gl.supports_OES_depth24: false
2018-11-07T09:07:27.636Z - normal: Simulator: }
2018-11-07T09:07:27.636Z - normal: Simulator: 
2018-11-07T09:07:27.636Z - normal: Simulator: 
2018-11-07T09:07:27.637Z - normal: Simulator: cocos2d: warning, Director::setProjection() failed because size is 0
2018-11-07T09:07:27.641Z - normal: Simulator: Project Config:
2018-11-07T09:07:27.642Z - normal: Simulator:     project dir: /Applications/CocosCreator.app/Contents/Resources/cocos2d-x/simulator/mac/Simulator.app/Contents/Resources/
2018-11-07T09:07:27.642Z - normal: Simulator:     writable path: $(PROJDIR)/
2018-11-07T09:07:27.643Z - normal: Simulator:     script file: $(PROJDIR)/main.js
2018-11-07T09:07:27.643Z - normal: Simulator:     frame size: 400 x 250
2018-11-07T09:07:27.645Z - normal: Simulator:     frame scale: 1.00
2018-11-07T09:07:27.646Z - normal: Simulator:     show console: NO
2018-11-07T09:07:27.648Z - normal: Simulator:     write debug log: NO ()
2018-11-07T09:07:27.648Z - normal: Simulator:     listen: 
2018-11-07T09:07:27.648Z - normal: Simulator:     debugger: none
2018-11-07T09:07:27.649Z - normal: Simulator:     add searching path:
2018-11-07T09:07:27.662Z - normal: Simulator: ------------------------------------------------
2018-11-07T09:07:27.662Z - normal: Simulator: LOAD Js FILE: main.js
2018-11-07T09:07:27.663Z - normal: Simulator: ------------------------------------------------
2018-11-07T09:07:27.663Z - normal: Simulator: Initializing JavaScriptCore 
2018-11-07T09:07:27.754Z - normal: Simulator: JS: Cocos2d-x-lite v1.8.2
2018-11-07T09:07:28.029Z - normal: Simulator: ERROR: ReferenceError: Can't find variable: navigator, location: /Users/lijinyou/myWork/Games/Card_game/assets/Scripts/socket.io.js:2980:26
2018-11-07T09:07:28.029Z - normal: Simulator: STACK:
2018-11-07T09:07:28.030Z - normal: Simulator: /Users/lijinyou/myWork/Games/Card_game/assets/Scripts/socket.io.js:2980:26
2018-11-07T09:07:28.030Z - normal: Simulator: /Users/lijinyou/myWork/Games/Card_game/assets/Scripts/socket.io.js:3557:8
2018-11-07T09:07:28.031Z - normal: Simulator: s@/Users/lijinyou/myWork/Games/Card_game/assets/Scripts/socket.io.js:1:620
2018-11-07T09:07:28.031Z - normal: Simulator: /Users/lijinyou/myWork/Games/Card_game/assets/Scripts/socket.io.js:1:668
2018-11-07T09:07:28.031Z - normal: Simulator: /Users/lijinyou/myWork/Games/Card_game/assets/Scripts/socket.io.js:754:21
2018-11-07T09:07:28.032Z - normal: Simulator: s@/Users/lijinyou/myWork/Games/Card_game/assets/Scripts/socket.io.js:1:620
2018-11-07T09:07:28.032Z - normal: Simulator: /Users/lijinyou/myWork/Games/Card_game/assets/Scripts/socket.io.js:1:668
2018-11-07T09:07:28.033Z - normal: Simulator: /Users/lijinyou/myWork/Games/Card_game/assets/Scripts/socket.io.js:1626:24
2018-11-07T09:07:28.033Z - normal: Simulator: s@/Users/lijinyou/myWork/Games/Card_game/assets/Scripts/socket.io.js:1:620
2018-11-07T09:07:28.036Z - normal: Simulator: /Users/lijinyou/myWork/Games/Card_game/assets/Scripts/socket.io.js:1:668
2018-11-07T09:07:28.037Z - normal: Simulator: /Users/lijinyou/myWork/Games/Card_game/assets/Scripts/socket.io.js:1212:22
2018-11-07T09:07:28.037Z - normal: Simulator: /Users/lijinyou/myWork/Games/Card_game/assets/Scripts/socket.io.js:1620:8
2018-11-07T09:07:28.038Z - normal: Simulator: s@/Users/lijinyou/myWork/Games/Card_game/assets/Scripts/socket.io.js:1:620
2018-11-07T09:07:28.038Z - normal: Simulator: /Users/lijinyou/myWork/Games/Card_game/assets/Scripts/socket.io.js:1:668
2018-11-07T09:07:28.042Z - normal: Simulator: /Users/lijinyou/myWork/Games/Card_game/assets/Scripts/socket.io.js:913:18
2018-11-07T09:07:28.042Z - normal: Simulator: /Users/lijinyou/myWork/Games/Card_game/assets/Scripts/socket.io.js:962:8
2018-11-07T09:07:28.043Z - normal: Simulator: s@/Users/lijinyou/myWork/Games/Card_game/assets/Scripts/socket.io.js:1:620
2018-11-07T09:07:28.043Z - normal: Simulator: /Users/lijinyou/myWork/Games/Card_game/assets/Scripts/socket.io.js:1:668
2018-11-07T09:07:28.043Z - normal: Simulator: /Users/lijinyou/myWork/Games/Card_game/assets/Scripts/socket.io.js:23:25
2018-11-07T09:07:28.044Z - normal: Simulator: /Users/lijinyou/myWork/Games/Card_game/assets/Scripts/socket.io.js:748:8
2018-11-07T09:07:28.044Z - normal: Simulator: s@/Users/lijinyou/myWork/Games/Card_game/assets/Scripts/socket.io.js:1:620
2018-11-07T09:07:28.044Z - normal: Simulator: /Users/lijinyou/myWork/Games/Card_game/assets/Scripts/socket.io.js:1:668
2018-11-07T09:07:28.045Z - normal: Simulator: /Users/lijinyou/myWork/Games/Card_game/assets/Scripts/socket.io.js:7:25
2018-11-07T09:07:28.045Z - normal: Simulator: s@/Users/lijinyou/myWork/Games/Card_game/assets/Scripts/socket.io.js:1:620
2018-11-07T09:07:28.046Z - normal: Simulator: /Users/lijinyou/myWork/Games/Card_game/assets/Scripts/socket.io.js:1:668
2018-11-07T09:07:28.046Z - normal: Simulator: /Users/lijinyou/myWork/Games/Card_game/assets/Scripts/socket.io.js:3:26
2018-11-07T09:07:28.046Z - normal: Simulator: s@/Users/lijinyou/myWork/Games/Card_game/assets/Scripts/socket.io.js:1:620
2018-11-07T09:07:28.046Z - normal: Simulator: /Users/lijinyou/myWork/Games/Card_game/assets/Scripts/socket.io.js:1:668
2018-11-07T09:07:28.047Z - normal: Simulator: /Users/lijinyou/myWork/Games/Card_game/assets/Scripts/socket.io.js:4336:18
2018-11-07T09:07:28.047Z - normal: Simulator: s@/Users/lijinyou/myWork/Games/Card_game/assets/Scripts/socket.io.js:1:620
2018-11-07T09:07:28.048Z - normal: Simulator: /Users/lijinyou/myWork/Games/Card_game/assets/Scripts/socket.io.js:1:668
2018-11-07T09:07:28.049Z - normal: Simulator: /Users/lijinyou/myWork/Games/Card_game/assets/Scripts/socket.io.js:4244:22
2018-11-07T09:07:28.049Z - normal: Simulator: s@/Users/lijinyou/myWork/Games/Card_game/assets/Scripts/socket.io.js:1:620
2018-11-07T09:07:28.050Z - normal: Simulator: e@/Users/lijinyou/myWork/Games/Card_game/assets/Scripts/socket.io.js:1:788
2018-11-07T09:07:28.050Z - normal: Simulator: /Users/lijinyou/myWork/Games/Card_game/assets/Scripts/socket.io.js:1:805
2018-11-07T09:07:28.050Z - normal: Simulator: /Users/lijinyou/myWork/Games/Card_game/assets/Scripts/socket.io.js:1:313
2018-11-07T09:07:28.050Z - normal: Simulator: global code@/Users/lijinyou/myWork/Games/Card_game/assets/Scripts/socket.io.js:1:318
2018-11-07T09:07:28.051Z - normal: Simulator: require@[native code]
2018-11-07T09:07:28.051Z - normal: Simulator: newRequire@src/jsb_polyfill.js:10:63
2018-11-07T09:07:28.051Z - normal: Simulator: src/jsb_polyfill.js:21:28
2018-11-07T09:07:28.052Z - normal: Simulator: downloadScript@src/jsb_polyfill.js:26320:16
2018-11-07T09:07:28.052Z - normal: Simulator: handle@src/jsb_polyfill.js:12616:38
2018-11-07T09:07:28.052Z - normal: Simulator: flow@src/jsb_polyfill.js:13199:35
2018-11-07T09:07:28.052Z - normal: Simulator: flow@src/jsb_polyfill.js:13217:24
2018-11-07T09:07:28.053Z - normal: Simulator: flowIn@src/jsb_polyfill.js:13272:17
2018-11-07T09:07:28.053Z - normal: Simulator: append@src/jsb_polyfill.js:12954:93
2018-11-07T09:07:28.053Z - normal: Simulator: load@src/jsb_polyfill.js:11972:21
2018-11-07T09:07:28.053Z - normal: Simulator: prepare@src/jsb_polyfill.js:26036:37
2018-11-07T09:07:28.053Z - normal: Simulator: run@src/jsb_polyfill.js:26052:23
2018-11-07T09:07:28.053Z - normal: Simulator: boot@main.js:92:20
2018-11-07T09:07:28.054Z - normal: Simulator: main.js:99:9
2018-11-07T09:07:28.054Z - normal: Simulator: global code@main.js:101:3
2018-11-07T09:07:28.054Z - normal: Simulator: [ERROR] Failed to invoke require, location: /Users/nantas/fireball-x/cocos2d-x-lite_19_release/cocos/scripting/js-bindings/manual/jsb_global.cpp:211
2018-11-07T09:07:28.060Z - normal: Simulator: iShow!
2018-11-07T09:07:28.244Z - normal: Simulator: XMLHttpRequest_finalize, 0x7fb93c59fde0 ... 
2018-11-07T09:07:28.407Z - normal: Simulator: JS: InitScene: 1.7559999999999718ms
2018-11-07T09:07:28.409Z - normal: Simulator: JS: AutoRelease: 0.20500000000004093ms
2018-11-07T09:07:28.409Z - normal: Simulator: JS: Destroy: 0.1369999999999436ms
2018-11-07T09:07:28.411Z - normal: Simulator: JS: AttachPersist: 0.011000000000080945ms
2018-11-07T09:07:28.421Z - normal: Simulator: setReturnType not implemented
2018-11-07T09:07:28.422Z - normal: Simulator: [Edit text] content size = (160.000000, 40.000000)
2018-11-07T09:07:28.422Z - normal: Simulator: setReturnType not implemented
2018-11-07T09:07:28.423Z - normal: Simulator: [Edit text] content size = (160.000000, 40.000000)
2018-11-07T09:07:28.424Z - normal: Simulator: [Edit text] content size = (160.000000, 40.000000)
2018-11-07T09:07:28.424Z - normal: Simulator: setReturnType not implemented
2018-11-07T09:07:28.438Z - normal: Simulator: ERROR: ReferenceError: Can't find variable: global, location: assets/Scripts/gameController.js:15:15
2018-11-07T09:07:28.438Z - normal: Simulator: STACK:
2018-11-07T09:07:28.439Z - normal: Simulator: onLoad@assets/Scripts/gameController.js:15:15
2018-11-07T09:07:28.440Z - normal: Simulator: anonymous
2018-11-07T09:07:28.440Z - normal: Simulator: invoke@src/jsb_polyfill.js:4610:23
2018-11-07T09:07:28.442Z - normal: Simulator: activateNode@src/jsb_polyfill.js:13694:31
2018-11-07T09:07:28.443Z - normal: Simulator: _activate@src/jsb_polyfill.js:3258:50
2018-11-07T09:07:28.443Z - normal: Simulator: runSceneImmediate@src/jsb_polyfill.js:25473:28
2018-11-07T09:07:28.443Z - normal: Simulator: main.js:53:54
2018-11-07T09:07:28.444Z - normal: Simulator: src/jsb_polyfill.js:16057:33
2018-11-07T09:07:28.444Z - normal: Simulator: src/jsb_polyfill.js:11962:38
2018-11-07T09:07:28.444Z - normal: Simulator: src/jsb_polyfill.js:19587:21
2018-11-07T09:07:28.445Z - normal: Simulator: onceWrapper@src/jsb_polyfill.js:11017:26
2018-11-07T09:07:28.445Z - normal: Simulator: invoke@src/jsb_polyfill.js:10862:28
2018-11-07T09:07:28.445Z - normal: Simulator: emit@src/jsb_polyfill.js:11044:117
2018-11-07T09:07:28.445Z - normal: Simulator: callback@src/jsb_polyfill.js:25607:27
2018-11-07T09:07:32.297Z - normal: Simulator: ScriptEngine::cleanup begin ...
2018-11-07T09:07:32.299Z - normal: Simulator: GC begin ..., (Native -> JS map) count: 59
2018-11-07T09:07:32.309Z - normal: Simulator: GC end ..., (Native -> JS map) count: 38
2018-11-07T09:07:32.309Z - normal: Simulator: GC begin ..., (Native -> JS map) count: 38
2018-11-07T09:07:32.315Z - normal: Simulator: GC end ..., (Native -> JS map) count: 38
2018-11-07T09:07:32.316Z - normal: Simulator: GC begin ..., (Native -> JS map) count: 38
2018-11-07T09:07:32.328Z - normal: Simulator: GC end ..., (Native -> JS map) count: 38
2018-11-07T09:07:32.461Z - normal: Simulator: setReturnType not implemented
2018-11-07T09:07:32.462Z - normal: Simulator: Starting to cleanup dragonbones object, count: 0
2018-11-07T09:07:32.463Z - normal: Simulator: After first cleanup, dragonbones object remained count: 0
2018-11-07T09:07:32.465Z - normal: Simulator: After second cleanup, dragonbones object remained count: 0
2018-11-07T09:07:32.501Z - normal: Simulator: ScriptEngine::cleanup end ...
2018-11-07T09:15:50.860Z - normal: Simulator: WORKAREA WIDTH 1280.00, HEIGHT 722.00
2018-11-07T09:15:50.863Z - normal: Simulator: FRAME SCALE = 1.00
2018-11-07T09:15:50.879Z - normal: Simulator: GLFWError #65544 Happen, Cocoa: Failed to retrieve display name
2018-11-07T09:15:50.993Z - normal: Simulator: 
2018-11-07T09:15:50.994Z - normal: Simulator: {
2018-11-07T09:15:50.994Z - normal: Simulator: 	gl.supports_OES_map_buffer: false
2018-11-07T09:15:50.995Z - normal: Simulator: 	gl.supports_vertex_array_object: true
2018-11-07T09:15:51.052Z - normal: Simulator: 	cocos2d.x.version: Cocos2d-x-lite v1.8.2
2018-11-07T09:15:51.054Z - normal: Simulator: 	gl.vendor: Intel Inc.
2018-11-07T09:15:51.055Z - normal: Simulator: 	gl.supports_PVRTC: false
2018-11-07T09:15:51.056Z - normal: Simulator: 	gl.renderer: Intel HD Graphics 4000 OpenGL Engine
2018-11-07T09:15:51.056Z - normal: Simulator: 	cocos2d.x.compiled_with_profiler: false
2018-11-07T09:15:51.056Z - normal: Simulator: 	gl.max_texture_size: 16384
2018-11-07T09:15:51.057Z - normal: Simulator: 	gl.supports_ETC1: false
2018-11-07T09:15:51.057Z - normal: Simulator: 	gl.supports_BGRA8888: false
2018-11-07T09:15:51.058Z - normal: Simulator: 	cocos2d.x.build_type: DEBUG
2018-11-07T09:15:51.058Z - normal: Simulator: 	gl.max_texture_units: 16
2018-11-07T09:15:51.058Z - normal: Simulator: 	gl.supports_OES_packed_depth_stencil: false
2018-11-07T09:15:51.059Z - normal: Simulator: 	gl.supports_discard_framebuffer: false
2018-11-07T09:15:51.059Z - normal: Simulator: 	gl.supports_NPOT: true
2018-11-07T09:15:51.059Z - normal: Simulator: 	gl.version: 2.1 INTEL-12.0.34
2018-11-07T09:15:51.060Z - normal: Simulator: 	cocos2d.x.compiled_with_gl_state_cache: true
2018-11-07T09:15:51.060Z - normal: Simulator: 	gl.supports_OES_depth24: false
2018-11-07T09:15:51.060Z - normal: Simulator: }
2018-11-07T09:15:51.061Z - normal: Simulator: 
2018-11-07T09:15:51.061Z - normal: Simulator: 
2018-11-07T09:15:51.061Z - normal: Simulator: cocos2d: warning, Director::setProjection() failed because size is 0
2018-11-07T09:15:51.112Z - normal: Simulator: Project Config:
2018-11-07T09:15:51.113Z - normal: Simulator:     project dir: /Applications/CocosCreator.app/Contents/Resources/cocos2d-x/simulator/mac/Simulator.app/Contents/Resources/
2018-11-07T09:15:51.114Z - normal: Simulator:     writable path: $(PROJDIR)/
2018-11-07T09:15:51.114Z - normal: Simulator:     script file: $(PROJDIR)/main.js
2018-11-07T09:15:51.116Z - normal: Simulator:     frame size: 400 x 250
2018-11-07T09:15:51.117Z - normal: Simulator:     frame scale: 1.00
2018-11-07T09:15:51.117Z - normal: Simulator:     show console: NO
2018-11-07T09:15:51.118Z - normal: Simulator:     write debug log: NO ()
2018-11-07T09:15:51.118Z - normal: Simulator:     listen: 
2018-11-07T09:15:51.119Z - normal: Simulator:     debugger: none
2018-11-07T09:15:51.119Z - normal: Simulator:     add searching path:
2018-11-07T09:15:51.126Z - normal: Simulator: ------------------------------------------------
2018-11-07T09:15:51.127Z - normal: Simulator: LOAD Js FILE: main.js
2018-11-07T09:15:51.127Z - normal: Simulator: ------------------------------------------------
2018-11-07T09:15:51.128Z - normal: Simulator: Initializing JavaScriptCore 
2018-11-07T09:15:51.290Z - normal: Simulator: JS: Cocos2d-x-lite v1.8.2
2018-11-07T09:15:51.657Z - normal: Simulator: ERROR: ReferenceError: Can't find variable: navigator, location: /Users/lijinyou/myWork/Games/Card_game/assets/Scripts/socket.io.js:2980:26
2018-11-07T09:15:51.658Z - normal: Simulator: STACK:
2018-11-07T09:15:51.659Z - normal: Simulator: /Users/lijinyou/myWork/Games/Card_game/assets/Scripts/socket.io.js:2980:26
2018-11-07T09:15:51.659Z - normal: Simulator: /Users/lijinyou/myWork/Games/Card_game/assets/Scripts/socket.io.js:3557:8
2018-11-07T09:15:51.660Z - normal: Simulator: s@/Users/lijinyou/myWork/Games/Card_game/assets/Scripts/socket.io.js:1:620
2018-11-07T09:15:51.661Z - normal: Simulator: /Users/lijinyou/myWork/Games/Card_game/assets/Scripts/socket.io.js:1:668
2018-11-07T09:15:51.662Z - normal: Simulator: /Users/lijinyou/myWork/Games/Card_game/assets/Scripts/socket.io.js:754:21
2018-11-07T09:15:51.662Z - normal: Simulator: s@/Users/lijinyou/myWork/Games/Card_game/assets/Scripts/socket.io.js:1:620
2018-11-07T09:15:51.662Z - normal: Simulator: /Users/lijinyou/myWork/Games/Card_game/assets/Scripts/socket.io.js:1:668
2018-11-07T09:15:51.663Z - normal: Simulator: /Users/lijinyou/myWork/Games/Card_game/assets/Scripts/socket.io.js:1626:24
2018-11-07T09:15:51.663Z - normal: Simulator: s@/Users/lijinyou/myWork/Games/Card_game/assets/Scripts/socket.io.js:1:620
2018-11-07T09:15:51.664Z - normal: Simulator: /Users/lijinyou/myWork/Games/Card_game/assets/Scripts/socket.io.js:1:668
2018-11-07T09:15:51.664Z - normal: Simulator: /Users/lijinyou/myWork/Games/Card_game/assets/Scripts/socket.io.js:1212:22
2018-11-07T09:15:51.665Z - normal: Simulator: /Users/lijinyou/myWork/Games/Card_game/assets/Scripts/socket.io.js:1620:8
2018-11-07T09:15:51.666Z - normal: Simulator: s@/Users/lijinyou/myWork/Games/Card_game/assets/Scripts/socket.io.js:1:620
2018-11-07T09:15:51.667Z - normal: Simulator: /Users/lijinyou/myWork/Games/Card_game/assets/Scripts/socket.io.js:1:668
2018-11-07T09:15:51.669Z - normal: Simulator: /Users/lijinyou/myWork/Games/Card_game/assets/Scripts/socket.io.js:913:18
2018-11-07T09:15:51.669Z - normal: Simulator: /Users/lijinyou/myWork/Games/Card_game/assets/Scripts/socket.io.js:962:8
2018-11-07T09:15:51.670Z - normal: Simulator: s@/Users/lijinyou/myWork/Games/Card_game/assets/Scripts/socket.io.js:1:620
2018-11-07T09:15:51.670Z - normal: Simulator: /Users/lijinyou/myWork/Games/Card_game/assets/Scripts/socket.io.js:1:668
2018-11-07T09:15:51.671Z - normal: Simulator: /Users/lijinyou/myWork/Games/Card_game/assets/Scripts/socket.io.js:23:25
2018-11-07T09:15:51.671Z - normal: Simulator: /Users/lijinyou/myWork/Games/Card_game/assets/Scripts/socket.io.js:748:8
2018-11-07T09:15:51.672Z - normal: Simulator: s@/Users/lijinyou/myWork/Games/Card_game/assets/Scripts/socket.io.js:1:620
2018-11-07T09:15:51.675Z - normal: Simulator: /Users/lijinyou/myWork/Games/Card_game/assets/Scripts/socket.io.js:1:668
2018-11-07T09:15:51.675Z - normal: Simulator: /Users/lijinyou/myWork/Games/Card_game/assets/Scripts/socket.io.js:7:25
2018-11-07T09:15:51.676Z - normal: Simulator: s@/Users/lijinyou/myWork/Games/Card_game/assets/Scripts/socket.io.js:1:620
2018-11-07T09:15:51.677Z - normal: Simulator: /Users/lijinyou/myWork/Games/Card_game/assets/Scripts/socket.io.js:1:668
2018-11-07T09:15:51.677Z - normal: Simulator: /Users/lijinyou/myWork/Games/Card_game/assets/Scripts/socket.io.js:3:26
2018-11-07T09:15:51.679Z - normal: Simulator: s@/Users/lijinyou/myWork/Games/Card_game/assets/Scripts/socket.io.js:1:620
2018-11-07T09:15:51.680Z - normal: Simulator: /Users/lijinyou/myWork/Games/Card_game/assets/Scripts/socket.io.js:1:668
2018-11-07T09:15:51.680Z - normal: Simulator: /Users/lijinyou/myWork/Games/Card_game/assets/Scripts/socket.io.js:4336:18
2018-11-07T09:15:51.680Z - normal: Simulator: s@/Users/lijinyou/myWork/Games/Card_game/assets/Scripts/socket.io.js:1:620
2018-11-07T09:15:51.681Z - normal: Simulator: /Users/lijinyou/myWork/Games/Card_game/assets/Scripts/socket.io.js:1:668
2018-11-07T09:15:51.681Z - normal: Simulator: /Users/lijinyou/myWork/Games/Card_game/assets/Scripts/socket.io.js:4244:22
2018-11-07T09:15:51.681Z - normal: Simulator: s@/Users/lijinyou/myWork/Games/Card_game/assets/Scripts/socket.io.js:1:620
2018-11-07T09:15:51.682Z - normal: Simulator: e@/Users/lijinyou/myWork/Games/Card_game/assets/Scripts/socket.io.js:1:788
2018-11-07T09:15:51.682Z - normal: Simulator: /Users/lijinyou/myWork/Games/Card_game/assets/Scripts/socket.io.js:1:805
2018-11-07T09:15:51.683Z - normal: Simulator: /Users/lijinyou/myWork/Games/Card_game/assets/Scripts/socket.io.js:1:313
2018-11-07T09:15:51.683Z - normal: Simulator: global code@/Users/lijinyou/myWork/Games/Card_game/assets/Scripts/socket.io.js:1:318
2018-11-07T09:15:51.683Z - normal: Simulator: require@[native code]
2018-11-07T09:15:51.685Z - normal: Simulator: newRequire@src/jsb_polyfill.js:10:63
2018-11-07T09:15:51.686Z - normal: Simulator: src/jsb_polyfill.js:21:28
2018-11-07T09:15:51.686Z - normal: Simulator: downloadScript@src/jsb_polyfill.js:26320:16
2018-11-07T09:15:51.687Z - normal: Simulator: handle@src/jsb_polyfill.js:12616:38
2018-11-07T09:15:51.688Z - normal: Simulator: flow@src/jsb_polyfill.js:13199:35
2018-11-07T09:15:51.688Z - normal: Simulator: flow@src/jsb_polyfill.js:13217:24
2018-11-07T09:15:51.689Z - normal: Simulator: flowIn@src/jsb_polyfill.js:13272:17
2018-11-07T09:15:51.692Z - normal: Simulator: append@src/jsb_polyfill.js:12954:93
2018-11-07T09:15:51.694Z - normal: Simulator: load@src/jsb_polyfill.js:11972:21
2018-11-07T09:15:51.695Z - normal: Simulator: prepare@src/jsb_polyfill.js:26036:37
2018-11-07T09:15:51.695Z - normal: Simulator: run@src/jsb_polyfill.js:26052:23
2018-11-07T09:15:51.695Z - normal: Simulator: boot@main.js:92:20
2018-11-07T09:15:51.696Z - normal: Simulator: main.js:99:9
2018-11-07T09:15:51.696Z - normal: Simulator: global code@main.js:101:3
2018-11-07T09:15:51.697Z - normal: Simulator: [ERROR] Failed to invoke require, location: /Users/nantas/fireball-x/cocos2d-x-lite_19_release/cocos/scripting/js-bindings/manual/jsb_global.cpp:211
2018-11-07T09:15:51.714Z - normal: Simulator: iShow!
2018-11-07T09:15:51.939Z - normal: Simulator: XMLHttpRequest_finalize, 0x7f8bafea29e0 ... 
2018-11-07T09:15:52.100Z - normal: Simulator: JS: InitScene: 2.2099999999999227ms
2018-11-07T09:15:52.101Z - normal: Simulator: JS: AutoRelease: 0.14799999999991087ms
2018-11-07T09:15:52.101Z - normal: Simulator: JS: Destroy: 0.09100000000000819ms
2018-11-07T09:15:52.102Z - normal: Simulator: JS: AttachPersist: 0.009999999999990905ms
2018-11-07T09:15:52.125Z - normal: Simulator: setReturnType not implemented
2018-11-07T09:15:52.125Z - normal: Simulator: [Edit text] content size = (160.000000, 40.000000)
2018-11-07T09:15:52.126Z - normal: Simulator: setReturnType not implemented
2018-11-07T09:15:52.127Z - normal: Simulator: [Edit text] content size = (160.000000, 40.000000)
2018-11-07T09:15:52.128Z - normal: Simulator: [Edit text] content size = (160.000000, 40.000000)
2018-11-07T09:15:52.128Z - normal: Simulator: setReturnType not implemented
2018-11-07T09:15:52.129Z - normal: Simulator: ERROR: TypeError: io is not a function. (In 'io("localhost:3000")', 'io' is an instance of Function), location: assets/Scripts/gameController.js:16:27
2018-11-07T09:15:52.131Z - normal: Simulator: STACK:
2018-11-07T09:15:52.131Z - normal: Simulator: onLoad@assets/Scripts/gameController.js:16:27
2018-11-07T09:15:52.131Z - normal: Simulator: anonymous
2018-11-07T09:15:52.132Z - normal: Simulator: invoke@src/jsb_polyfill.js:4610:23
2018-11-07T09:15:52.132Z - normal: Simulator: activateNode@src/jsb_polyfill.js:13694:31
2018-11-07T09:15:52.132Z - normal: Simulator: _activate@src/jsb_polyfill.js:3258:50
2018-11-07T09:15:52.133Z - normal: Simulator: runSceneImmediate@src/jsb_polyfill.js:25473:28
2018-11-07T09:15:52.133Z - normal: Simulator: main.js:53:54
2018-11-07T09:15:52.133Z - normal: Simulator: src/jsb_polyfill.js:16057:33
2018-11-07T09:15:52.133Z - normal: Simulator: src/jsb_polyfill.js:11962:38
2018-11-07T09:15:52.134Z - normal: Simulator: src/jsb_polyfill.js:19587:21
2018-11-07T09:15:52.134Z - normal: Simulator: onceWrapper@src/jsb_polyfill.js:11017:26
2018-11-07T09:15:52.134Z - normal: Simulator: invoke@src/jsb_polyfill.js:10862:28
2018-11-07T09:15:52.134Z - normal: Simulator: emit@src/jsb_polyfill.js:11044:117
2018-11-07T09:15:52.135Z - normal: Simulator: callback@src/jsb_polyfill.js:25607:27
2018-11-07T09:15:57.177Z - normal: Simulator: ScriptEngine::cleanup begin ...
2018-11-07T09:15:57.178Z - normal: Simulator: GC begin ..., (Native -> JS map) count: 59
2018-11-07T09:15:57.201Z - normal: Simulator: GC end ..., (Native -> JS map) count: 38
2018-11-07T09:15:57.202Z - normal: Simulator: GC begin ..., (Native -> JS map) count: 38
2018-11-07T09:15:57.204Z - normal: Simulator: GC end ..., (Native -> JS map) count: 38
2018-11-07T09:15:57.207Z - normal: Simulator: GC begin ..., (Native -> JS map) count: 38
2018-11-07T09:15:57.209Z - normal: Simulator: GC end ..., (Native -> JS map) count: 38
2018-11-07T09:15:57.225Z - normal: Simulator: setReturnType not implemented
2018-11-07T09:15:57.226Z - normal: Simulator: Starting to cleanup dragonbones object, count: 0
2018-11-07T09:15:57.227Z - normal: Simulator: After first cleanup, dragonbones object remained count: 0
2018-11-07T09:15:57.227Z - normal: Simulator: After second cleanup, dragonbones object remained count: 0
2018-11-07T09:15:57.227Z - normal: Simulator: ScriptEngine::cleanup end ...
2018-11-07T09:16:04.274Z - normal: Simulator: WORKAREA WIDTH 1280.00, HEIGHT 722.00
2018-11-07T09:16:04.279Z - normal: Simulator: FRAME SCALE = 1.00
2018-11-07T09:16:04.294Z - normal: Simulator: GLFWError #65544 Happen, Cocoa: Failed to retrieve display name
2018-11-07T09:16:04.463Z - normal: Simulator: 
2018-11-07T09:16:04.464Z - normal: Simulator: {
2018-11-07T09:16:04.464Z - normal: Simulator: 	gl.supports_OES_map_buffer: false
2018-11-07T09:16:04.465Z - normal: Simulator: 	gl.supports_vertex_array_object: true
2018-11-07T09:16:04.465Z - normal: Simulator: 	cocos2d.x.version: Cocos2d-x-lite v1.8.2
2018-11-07T09:16:04.465Z - normal: Simulator: 	gl.vendor: Intel Inc.
2018-11-07T09:16:04.466Z - normal: Simulator: 	gl.supports_PVRTC: false
2018-11-07T09:16:04.466Z - normal: Simulator: 	gl.renderer: Intel HD Graphics 4000 OpenGL Engine
2018-11-07T09:16:04.466Z - normal: Simulator: 	cocos2d.x.compiled_with_profiler: false
2018-11-07T09:16:04.467Z - normal: Simulator: 	gl.max_texture_size: 16384
2018-11-07T09:16:04.467Z - normal: Simulator: 	gl.supports_ETC1: false
2018-11-07T09:16:04.468Z - normal: Simulator: 	gl.supports_BGRA8888: false
2018-11-07T09:16:04.468Z - normal: Simulator: 	cocos2d.x.build_type: DEBUG
2018-11-07T09:16:04.469Z - normal: Simulator: 	gl.max_texture_units: 16
2018-11-07T09:16:04.469Z - normal: Simulator: 	gl.supports_OES_packed_depth_stencil: false
2018-11-07T09:16:04.470Z - normal: Simulator: 	gl.supports_discard_framebuffer: false
2018-11-07T09:16:04.470Z - normal: Simulator: 	gl.supports_NPOT: true
2018-11-07T09:16:04.470Z - normal: Simulator: 	gl.version: 2.1 INTEL-12.0.34
2018-11-07T09:16:04.471Z - normal: Simulator: 	cocos2d.x.compiled_with_gl_state_cache: true
2018-11-07T09:16:04.471Z - normal: Simulator: 	gl.supports_OES_depth24: false
2018-11-07T09:16:04.471Z - normal: Simulator: }
2018-11-07T09:16:04.472Z - normal: Simulator: 
2018-11-07T09:16:04.472Z - normal: Simulator: 
2018-11-07T09:16:04.473Z - normal: Simulator: cocos2d: warning, Director::setProjection() failed because size is 0
2018-11-07T09:16:04.498Z - normal: Simulator: Project Config:
2018-11-07T09:16:04.500Z - normal: Simulator:     project dir: /Applications/CocosCreator.app/Contents/Resources/cocos2d-x/simulator/mac/Simulator.app/Contents/Resources/
2018-11-07T09:16:04.502Z - normal: Simulator:     writable path: $(PROJDIR)/
2018-11-07T09:16:04.502Z - normal: Simulator:     script file: $(PROJDIR)/main.js
2018-11-07T09:16:04.503Z - normal: Simulator:     frame size: 400 x 250
2018-11-07T09:16:04.503Z - normal: Simulator:     frame scale: 1.00
2018-11-07T09:16:04.504Z - normal: Simulator:     show console: NO
2018-11-07T09:16:04.504Z - normal: Simulator:     write debug log: NO ()
2018-11-07T09:16:04.505Z - normal: Simulator:     listen: 
2018-11-07T09:16:04.505Z - normal: Simulator:     debugger: none
2018-11-07T09:16:04.506Z - normal: Simulator:     add searching path:
2018-11-07T09:16:04.506Z - normal: Simulator: ------------------------------------------------
2018-11-07T09:16:04.507Z - normal: Simulator: LOAD Js FILE: main.js
2018-11-07T09:16:04.507Z - normal: Simulator: ------------------------------------------------
2018-11-07T09:16:04.508Z - normal: Simulator: Initializing JavaScriptCore 
2018-11-07T09:16:04.631Z - normal: Simulator: JS: Cocos2d-x-lite v1.8.2
2018-11-07T09:16:04.959Z - normal: Simulator: ERROR: ReferenceError: Can't find variable: navigator, location: /Users/lijinyou/myWork/Games/Card_game/assets/Scripts/socket.io.js:2980:26
2018-11-07T09:16:04.959Z - normal: Simulator: STACK:
2018-11-07T09:16:04.960Z - normal: Simulator: /Users/lijinyou/myWork/Games/Card_game/assets/Scripts/socket.io.js:2980:26
2018-11-07T09:16:04.961Z - normal: Simulator: /Users/lijinyou/myWork/Games/Card_game/assets/Scripts/socket.io.js:3557:8
2018-11-07T09:16:04.962Z - normal: Simulator: s@/Users/lijinyou/myWork/Games/Card_game/assets/Scripts/socket.io.js:1:620
2018-11-07T09:16:04.962Z - normal: Simulator: /Users/lijinyou/myWork/Games/Card_game/assets/Scripts/socket.io.js:1:668
2018-11-07T09:16:04.963Z - normal: Simulator: /Users/lijinyou/myWork/Games/Card_game/assets/Scripts/socket.io.js:754:21
2018-11-07T09:16:04.963Z - normal: Simulator: s@/Users/lijinyou/myWork/Games/Card_game/assets/Scripts/socket.io.js:1:620
2018-11-07T09:16:04.963Z - normal: Simulator: /Users/lijinyou/myWork/Games/Card_game/assets/Scripts/socket.io.js:1:668
2018-11-07T09:16:04.964Z - normal: Simulator: /Users/lijinyou/myWork/Games/Card_game/assets/Scripts/socket.io.js:1626:24
2018-11-07T09:16:04.967Z - normal: Simulator: s@/Users/lijinyou/myWork/Games/Card_game/assets/Scripts/socket.io.js:1:620
2018-11-07T09:16:04.968Z - normal: Simulator: /Users/lijinyou/myWork/Games/Card_game/assets/Scripts/socket.io.js:1:668
2018-11-07T09:16:04.968Z - normal: Simulator: /Users/lijinyou/myWork/Games/Card_game/assets/Scripts/socket.io.js:1212:22
2018-11-07T09:16:04.968Z - normal: Simulator: /Users/lijinyou/myWork/Games/Card_game/assets/Scripts/socket.io.js:1620:8
2018-11-07T09:16:04.969Z - normal: Simulator: s@/Users/lijinyou/myWork/Games/Card_game/assets/Scripts/socket.io.js:1:620
2018-11-07T09:16:04.970Z - normal: Simulator: /Users/lijinyou/myWork/Games/Card_game/assets/Scripts/socket.io.js:1:668
2018-11-07T09:16:04.970Z - normal: Simulator: /Users/lijinyou/myWork/Games/Card_game/assets/Scripts/socket.io.js:913:18
2018-11-07T09:16:04.971Z - normal: Simulator: /Users/lijinyou/myWork/Games/Card_game/assets/Scripts/socket.io.js:962:8
2018-11-07T09:16:04.971Z - normal: Simulator: s@/Users/lijinyou/myWork/Games/Card_game/assets/Scripts/socket.io.js:1:620
2018-11-07T09:16:04.971Z - normal: Simulator: /Users/lijinyou/myWork/Games/Card_game/assets/Scripts/socket.io.js:1:668
2018-11-07T09:16:04.971Z - normal: Simulator: /Users/lijinyou/myWork/Games/Card_game/assets/Scripts/socket.io.js:23:25
2018-11-07T09:16:04.973Z - normal: Simulator: /Users/lijinyou/myWork/Games/Card_game/assets/Scripts/socket.io.js:748:8
2018-11-07T09:16:04.973Z - normal: Simulator: s@/Users/lijinyou/myWork/Games/Card_game/assets/Scripts/socket.io.js:1:620
2018-11-07T09:16:04.973Z - normal: Simulator: /Users/lijinyou/myWork/Games/Card_game/assets/Scripts/socket.io.js:1:668
2018-11-07T09:16:04.974Z - normal: Simulator: /Users/lijinyou/myWork/Games/Card_game/assets/Scripts/socket.io.js:7:25
2018-11-07T09:16:04.974Z - normal: Simulator: s@/Users/lijinyou/myWork/Games/Card_game/assets/Scripts/socket.io.js:1:620
2018-11-07T09:16:04.974Z - normal: Simulator: /Users/lijinyou/myWork/Games/Card_game/assets/Scripts/socket.io.js:1:668
2018-11-07T09:16:04.975Z - normal: Simulator: /Users/lijinyou/myWork/Games/Card_game/assets/Scripts/socket.io.js:3:26
2018-11-07T09:16:04.975Z - normal: Simulator: s@/Users/lijinyou/myWork/Games/Card_game/assets/Scripts/socket.io.js:1:620
2018-11-07T09:16:04.975Z - normal: Simulator: /Users/lijinyou/myWork/Games/Card_game/assets/Scripts/socket.io.js:1:668
2018-11-07T09:16:04.976Z - normal: Simulator: /Users/lijinyou/myWork/Games/Card_game/assets/Scripts/socket.io.js:4336:18
2018-11-07T09:16:04.976Z - normal: Simulator: s@/Users/lijinyou/myWork/Games/Card_game/assets/Scripts/socket.io.js:1:620
2018-11-07T09:16:04.977Z - normal: Simulator: /Users/lijinyou/myWork/Games/Card_game/assets/Scripts/socket.io.js:1:668
2018-11-07T09:16:04.977Z - normal: Simulator: /Users/lijinyou/myWork/Games/Card_game/assets/Scripts/socket.io.js:4244:22
2018-11-07T09:16:04.977Z - normal: Simulator: s@/Users/lijinyou/myWork/Games/Card_game/assets/Scripts/socket.io.js:1:620
2018-11-07T09:16:04.978Z - normal: Simulator: e@/Users/lijinyou/myWork/Games/Card_game/assets/Scripts/socket.io.js:1:788
2018-11-07T09:16:04.978Z - normal: Simulator: /Users/lijinyou/myWork/Games/Card_game/assets/Scripts/socket.io.js:1:805
2018-11-07T09:16:04.978Z - normal: Simulator: /Users/lijinyou/myWork/Games/Card_game/assets/Scripts/socket.io.js:1:313
2018-11-07T09:16:04.979Z - normal: Simulator: global code@/Users/lijinyou/myWork/Games/Card_game/assets/Scripts/socket.io.js:1:318
2018-11-07T09:16:04.979Z - normal: Simulator: require@[native code]
2018-11-07T09:16:04.980Z - normal: Simulator: newRequire@src/jsb_polyfill.js:10:63
2018-11-07T09:16:04.981Z - normal: Simulator: src/jsb_polyfill.js:21:28
2018-11-07T09:16:04.981Z - normal: Simulator: downloadScript@src/jsb_polyfill.js:26320:16
2018-11-07T09:16:04.982Z - normal: Simulator: handle@src/jsb_polyfill.js:12616:38
2018-11-07T09:16:04.982Z - normal: Simulator: flow@src/jsb_polyfill.js:13199:35
2018-11-07T09:16:04.982Z - normal: Simulator: flow@src/jsb_polyfill.js:13217:24
2018-11-07T09:16:04.983Z - normal: Simulator: flowIn@src/jsb_polyfill.js:13272:17
2018-11-07T09:16:04.983Z - normal: Simulator: append@src/jsb_polyfill.js:12954:93
2018-11-07T09:16:04.983Z - normal: Simulator: load@src/jsb_polyfill.js:11972:21
2018-11-07T09:16:04.984Z - normal: Simulator: prepare@src/jsb_polyfill.js:26036:37
2018-11-07T09:16:04.984Z - normal: Simulator: run@src/jsb_polyfill.js:26052:23
2018-11-07T09:16:04.984Z - normal: Simulator: boot@main.js:92:20
2018-11-07T09:16:04.985Z - normal: Simulator: main.js:99:9
2018-11-07T09:16:04.985Z - normal: Simulator: global code@main.js:101:3
2018-11-07T09:16:04.986Z - normal: Simulator: [ERROR] Failed to invoke require, location: /Users/nantas/fireball-x/cocos2d-x-lite_19_release/cocos/scripting/js-bindings/manual/jsb_global.cpp:211
2018-11-07T09:16:04.987Z - normal: Simulator: iShow!
2018-11-07T09:16:05.307Z - normal: Simulator: XMLHttpRequest_finalize, 0x7faa66798920 ... 
2018-11-07T09:16:05.312Z - normal: Simulator: JS: InitScene: 1.9680000000000746ms
2018-11-07T09:16:05.313Z - normal: Simulator: JS: AutoRelease: 0.1409999999999627ms
2018-11-07T09:16:05.313Z - normal: Simulator: JS: Destroy: 0.10800000000006094ms
2018-11-07T09:16:05.314Z - normal: Simulator: JS: AttachPersist: 0.009999999999990905ms
2018-11-07T09:16:05.329Z - normal: Simulator: setReturnType not implemented
2018-11-07T09:16:05.331Z - normal: Simulator: [Edit text] content size = (160.000000, 40.000000)
2018-11-07T09:16:05.335Z - normal: Simulator: setReturnType not implemented
2018-11-07T09:16:05.336Z - normal: Simulator: [Edit text] content size = (160.000000, 40.000000)
2018-11-07T09:16:05.337Z - normal: Simulator: [Edit text] content size = (160.000000, 40.000000)
2018-11-07T09:16:05.337Z - normal: Simulator: setReturnType not implemented
2018-11-07T09:16:05.353Z - normal: Simulator: ERROR: TypeError: io is not a function. (In 'io("localhost:3000")', 'io' is an instance of Function), location: assets/Scripts/gameController.js:16:27
2018-11-07T09:16:05.354Z - normal: Simulator: STACK:
2018-11-07T09:16:05.355Z - normal: Simulator: onLoad@assets/Scripts/gameController.js:16:27
2018-11-07T09:16:05.356Z - normal: Simulator: anonymous
2018-11-07T09:16:05.357Z - normal: Simulator: invoke@src/jsb_polyfill.js:4610:23
2018-11-07T09:16:05.357Z - normal: Simulator: activateNode@src/jsb_polyfill.js:13694:31
2018-11-07T09:16:05.359Z - normal: Simulator: _activate@src/jsb_polyfill.js:3258:50
2018-11-07T09:16:05.359Z - normal: Simulator: runSceneImmediate@src/jsb_polyfill.js:25473:28
2018-11-07T09:16:05.359Z - normal: Simulator: main.js:53:54
2018-11-07T09:16:05.360Z - normal: Simulator: src/jsb_polyfill.js:16057:33
2018-11-07T09:16:05.360Z - normal: Simulator: src/jsb_polyfill.js:11962:38
2018-11-07T09:16:05.360Z - normal: Simulator: src/jsb_polyfill.js:19587:21
2018-11-07T09:16:05.360Z - normal: Simulator: onceWrapper@src/jsb_polyfill.js:11017:26
2018-11-07T09:16:05.361Z - normal: Simulator: invoke@src/jsb_polyfill.js:10862:28
2018-11-07T09:16:05.361Z - normal: Simulator: emit@src/jsb_polyfill.js:11044:117
2018-11-07T09:16:05.361Z - normal: Simulator: callback@src/jsb_polyfill.js:25607:27
2018-11-07T09:17:40.248Z - normal: Simulator: ScriptEngine::cleanup begin ...
2018-11-07T09:17:40.251Z - normal: Simulator: GC begin ..., (Native -> JS map) count: 58
2018-11-07T09:17:40.253Z - normal: Simulator: GC end ..., (Native -> JS map) count: 38
2018-11-07T09:17:40.254Z - normal: Simulator: GC begin ..., (Native -> JS map) count: 38
2018-11-07T09:17:40.255Z - normal: Simulator: GC end ..., (Native -> JS map) count: 38
2018-11-07T09:17:40.256Z - normal: Simulator: GC begin ..., (Native -> JS map) count: 38
2018-11-07T09:17:40.267Z - normal: Simulator: GC end ..., (Native -> JS map) count: 38
2018-11-07T09:17:40.268Z - normal: Simulator: setReturnType not implemented
2018-11-07T09:17:40.381Z - normal: Simulator: Starting to cleanup dragonbones object, count: 0
2018-11-07T09:17:40.395Z - normal: Simulator: After first cleanup, dragonbones object remained count: 0
2018-11-07T09:17:40.395Z - normal: Simulator: After second cleanup, dragonbones object remained count: 0
2018-11-07T09:17:40.396Z - normal: Simulator: ScriptEngine::cleanup end ...
2018-11-07T09:26:59.212Z - info: shutdown preview server
